CRITICAL - 2024-08-22 15:28:59 --> ErrorException: Cannot use App\Models\ProductoModel as ProductoModel because the name is already in use
[Method: GET, Route: producto]
in APPPATH\Controllers\Producto.php on line 6.
 1 [internal function]: CodeIgniter\Debug\Exceptions->shutdownHandler()
CRITICAL - 2024-08-22 15:37:33 --> Error: Class "App\Models\DetalleProductoModel" not found
[Method: GET, Route: producto]
in APPPATH\Controllers\Producto.php on line 19.
 1 SYSTEMPATH\CodeIgniter.php(903): App\Controllers\Producto->__construct()
 2 SYSTEMPATH\CodeIgniter.php(500): CodeIgniter\CodeIgniter->createController()
 3 SYSTEMPATH\CodeIgniter.php(355): CodeIgniter\CodeIgniter->handleRequest(null, Object(Config\Cache), false)
 4 SYSTEMPATH\Boot.php(325): CodeIgniter\CodeIgniter->run()
 5 SYSTEMPATH\Boot.php(67): CodeIgniter\Boot::runCodeIgniter(Object(CodeIgniter\CodeIgniter))
 6 FCPATH\index.php(56): CodeIgniter\Boot::bootWeb(Object(Config\Paths))
CRITICAL - 2024-08-22 15:40:42 --> Error: Class "App\Models\DetalleProductoModel" not found
[Method: GET, Route: producto]
in APPPATH\Controllers\Producto.php on line 17.
 1 SYSTEMPATH\CodeIgniter.php(903): App\Controllers\Producto->__construct()
 2 SYSTEMPATH\CodeIgniter.php(500): CodeIgniter\CodeIgniter->createController()
 3 SYSTEMPATH\CodeIgniter.php(355): CodeIgniter\CodeIgniter->handleRequest(null, Object(Config\Cache), false)
 4 SYSTEMPATH\Boot.php(325): CodeIgniter\CodeIgniter->run()
 5 SYSTEMPATH\Boot.php(67): CodeIgniter\Boot::runCodeIgniter(Object(CodeIgniter\CodeIgniter))
 6 FCPATH\index.php(56): CodeIgniter\Boot::bootWeb(Object(Config\Paths))
CRITICAL - 2024-08-22 15:40:45 --> Error: Class "App\Models\DetalleProductoModel" not found
[Method: GET, Route: producto]
in APPPATH\Controllers\Producto.php on line 17.
 1 SYSTEMPATH\CodeIgniter.php(903): App\Controllers\Producto->__construct()
 2 SYSTEMPATH\CodeIgniter.php(500): CodeIgniter\CodeIgniter->createController()
 3 SYSTEMPATH\CodeIgniter.php(355): CodeIgniter\CodeIgniter->handleRequest(null, Object(Config\Cache), false)
 4 SYSTEMPATH\Boot.php(325): CodeIgniter\CodeIgniter->run()
 5 SYSTEMPATH\Boot.php(67): CodeIgniter\Boot::runCodeIgniter(Object(CodeIgniter\CodeIgniter))
 6 FCPATH\index.php(56): CodeIgniter\Boot::bootWeb(Object(Config\Paths))
CRITICAL - 2024-08-22 15:40:46 --> Error: Class "App\Models\DetalleProductoModel" not found
[Method: GET, Route: producto/eliminados]
in APPPATH\Controllers\Producto.php on line 17.
 1 SYSTEMPATH\CodeIgniter.php(903): App\Controllers\Producto->__construct()
 2 SYSTEMPATH\CodeIgniter.php(500): CodeIgniter\CodeIgniter->createController()
 3 SYSTEMPATH\CodeIgniter.php(355): CodeIgniter\CodeIgniter->handleRequest(null, Object(Config\Cache), false)
 4 SYSTEMPATH\Boot.php(325): CodeIgniter\CodeIgniter->run()
 5 SYSTEMPATH\Boot.php(67): CodeIgniter\Boot::runCodeIgniter(Object(CodeIgniter\CodeIgniter))
 6 FCPATH\index.php(56): CodeIgniter\Boot::bootWeb(Object(Config\Paths))
CRITICAL - 2024-08-22 15:40:48 --> Error: Class "App\Models\DetalleProductoModel" not found
[Method: GET, Route: producto/editar/9]
in APPPATH\Controllers\Producto.php on line 17.
 1 SYSTEMPATH\CodeIgniter.php(903): App\Controllers\Producto->__construct()
 2 SYSTEMPATH\CodeIgniter.php(500): CodeIgniter\CodeIgniter->createController()
 3 SYSTEMPATH\CodeIgniter.php(355): CodeIgniter\CodeIgniter->handleRequest(null, Object(Config\Cache), false)
 4 SYSTEMPATH\Boot.php(325): CodeIgniter\CodeIgniter->run()
 5 SYSTEMPATH\Boot.php(67): CodeIgniter\Boot::runCodeIgniter(Object(CodeIgniter\CodeIgniter))
 6 FCPATH\index.php(56): CodeIgniter\Boot::bootWeb(Object(Config\Paths))
CRITICAL - 2024-08-22 15:40:49 --> Error: Class "App\Models\DetalleProductoModel" not found
[Method: GET, Route: producto/agregar]
in APPPATH\Controllers\Producto.php on line 17.
 1 SYSTEMPATH\CodeIgniter.php(903): App\Controllers\Producto->__construct()
 2 SYSTEMPATH\CodeIgniter.php(500): CodeIgniter\CodeIgniter->createController()
 3 SYSTEMPATH\CodeIgniter.php(355): CodeIgniter\CodeIgniter->handleRequest(null, Object(Config\Cache), false)
 4 SYSTEMPATH\Boot.php(325): CodeIgniter\CodeIgniter->run()
 5 SYSTEMPATH\Boot.php(67): CodeIgniter\Boot::runCodeIgniter(Object(CodeIgniter\CodeIgniter))
 6 FCPATH\index.php(56): CodeIgniter\Boot::bootWeb(Object(Config\Paths))
CRITICAL - 2024-08-22 15:40:50 --> Error: Class "App\Models\DetalleProductoModel" not found
[Method: GET, Route: producto/editar/8]
in APPPATH\Controllers\Producto.php on line 17.
 1 SYSTEMPATH\CodeIgniter.php(903): App\Controllers\Producto->__construct()
 2 SYSTEMPATH\CodeIgniter.php(500): CodeIgniter\CodeIgniter->createController()
 3 SYSTEMPATH\CodeIgniter.php(355): CodeIgniter\CodeIgniter->handleRequest(null, Object(Config\Cache), false)
 4 SYSTEMPATH\Boot.php(325): CodeIgniter\CodeIgniter->run()
 5 SYSTEMPATH\Boot.php(67): CodeIgniter\Boot::runCodeIgniter(Object(CodeIgniter\CodeIgniter))
 6 FCPATH\index.php(56): CodeIgniter\Boot::bootWeb(Object(Config\Paths))
CRITICAL - 2024-08-22 15:40:51 --> Error: Class "App\Models\DetalleProductoModel" not found
[Method: GET, Route: producto/agregar]
in APPPATH\Controllers\Producto.php on line 17.
 1 SYSTEMPATH\CodeIgniter.php(903): App\Controllers\Producto->__construct()
 2 SYSTEMPATH\CodeIgniter.php(500): CodeIgniter\CodeIgniter->createController()
 3 SYSTEMPATH\CodeIgniter.php(355): CodeIgniter\CodeIgniter->handleRequest(null, Object(Config\Cache), false)
 4 SYSTEMPATH\Boot.php(325): CodeIgniter\CodeIgniter->run()
 5 SYSTEMPATH\Boot.php(67): CodeIgniter\Boot::runCodeIgniter(Object(CodeIgniter\CodeIgniter))
 6 FCPATH\index.php(56): CodeIgniter\Boot::bootWeb(Object(Config\Paths))
CRITICAL - 2024-08-22 15:41:11 --> Error: Class "App\Models\DetalleProductoModel" not found
[Method: GET, Route: producto]
in APPPATH\Controllers\Producto.php on line 17.
 1 SYSTEMPATH\CodeIgniter.php(903): App\Controllers\Producto->__construct()
 2 SYSTEMPATH\CodeIgniter.php(500): CodeIgniter\CodeIgniter->createController()
 3 SYSTEMPATH\CodeIgniter.php(355): CodeIgniter\CodeIgniter->handleRequest(null, Object(Config\Cache), false)
 4 SYSTEMPATH\Boot.php(325): CodeIgniter\CodeIgniter->run()
 5 SYSTEMPATH\Boot.php(67): CodeIgniter\Boot::runCodeIgniter(Object(CodeIgniter\CodeIgniter))
 6 FCPATH\index.php(56): CodeIgniter\Boot::bootWeb(Object(Config\Paths))
CRITICAL - 2024-08-22 15:41:43 --> Error: Class "App\Models\DetalleProductoModel" not found
[Method: GET, Route: producto]
in APPPATH\Controllers\Producto.php on line 17.
 1 SYSTEMPATH\CodeIgniter.php(903): App\Controllers\Producto->__construct()
 2 SYSTEMPATH\CodeIgniter.php(500): CodeIgniter\CodeIgniter->createController()
 3 SYSTEMPATH\CodeIgniter.php(355): CodeIgniter\CodeIgniter->handleRequest(null, Object(Config\Cache), false)
 4 SYSTEMPATH\Boot.php(325): CodeIgniter\CodeIgniter->run()
 5 SYSTEMPATH\Boot.php(67): CodeIgniter\Boot::runCodeIgniter(Object(CodeIgniter\CodeIgniter))
 6 FCPATH\index.php(56): CodeIgniter\Boot::bootWeb(Object(Config\Paths))
CRITICAL - 2024-08-22 15:44:24 --> Error: Class "App\Models\DetalleProductoModel" not found
[Method: GET, Route: producto]
in APPPATH\Controllers\Producto.php on line 17.
 1 SYSTEMPATH\CodeIgniter.php(903): App\Controllers\Producto->__construct()
 2 SYSTEMPATH\CodeIgniter.php(500): CodeIgniter\CodeIgniter->createController()
 3 SYSTEMPATH\CodeIgniter.php(355): CodeIgniter\CodeIgniter->handleRequest(null, Object(Config\Cache), false)
 4 SYSTEMPATH\Boot.php(325): CodeIgniter\CodeIgniter->run()
 5 SYSTEMPATH\Boot.php(67): CodeIgniter\Boot::runCodeIgniter(Object(CodeIgniter\CodeIgniter))
 6 FCPATH\index.php(56): CodeIgniter\Boot::bootWeb(Object(Config\Paths))
CRITICAL - 2024-08-22 15:45:18 --> Error: Class "App\Models\DetalleProductoModel" not found
[Method: GET, Route: producto]
in APPPATH\Controllers\Producto.php on line 17.
 1 SYSTEMPATH\CodeIgniter.php(903): App\Controllers\Producto->__construct()
 2 SYSTEMPATH\CodeIgniter.php(500): CodeIgniter\CodeIgniter->createController()
 3 SYSTEMPATH\CodeIgniter.php(355): CodeIgniter\CodeIgniter->handleRequest(null, Object(Config\Cache), false)
 4 SYSTEMPATH\Boot.php(325): CodeIgniter\CodeIgniter->run()
 5 SYSTEMPATH\Boot.php(67): CodeIgniter\Boot::runCodeIgniter(Object(CodeIgniter\CodeIgniter))
 6 FCPATH\index.php(56): CodeIgniter\Boot::bootWeb(Object(Config\Paths))
CRITICAL - 2024-08-22 15:47:50 --> Error: Class "App\Models\DetalleProductoModel" not found
[Method: GET, Route: producto]
in APPPATH\Controllers\Producto.php on line 17.
 1 SYSTEMPATH\CodeIgniter.php(903): App\Controllers\Producto->__construct()
 2 SYSTEMPATH\CodeIgniter.php(500): CodeIgniter\CodeIgniter->createController()
 3 SYSTEMPATH\CodeIgniter.php(355): CodeIgniter\CodeIgniter->handleRequest(null, Object(Config\Cache), false)
 4 SYSTEMPATH\Boot.php(325): CodeIgniter\CodeIgniter->run()
 5 SYSTEMPATH\Boot.php(67): CodeIgniter\Boot::runCodeIgniter(Object(CodeIgniter\CodeIgniter))
 6 FCPATH\index.php(56): CodeIgniter\Boot::bootWeb(Object(Config\Paths))
CRITICAL - 2024-08-22 15:49:06 --> Error: Class "App\Models\DetalleProductoModel" not found
[Method: GET, Route: producto]
in APPPATH\Controllers\Producto.php on line 17.
 1 SYSTEMPATH\CodeIgniter.php(903): App\Controllers\Producto->__construct()
 2 SYSTEMPATH\CodeIgniter.php(500): CodeIgniter\CodeIgniter->createController()
 3 SYSTEMPATH\CodeIgniter.php(355): CodeIgniter\CodeIgniter->handleRequest(null, Object(Config\Cache), false)
 4 SYSTEMPATH\Boot.php(325): CodeIgniter\CodeIgniter->run()
 5 SYSTEMPATH\Boot.php(67): CodeIgniter\Boot::runCodeIgniter(Object(CodeIgniter\CodeIgniter))
 6 FCPATH\index.php(56): CodeIgniter\Boot::bootWeb(Object(Config\Paths))
CRITICAL - 2024-08-22 15:49:44 --> Error: Class "App\Models\DetalleProductoModel" not found
[Method: GET, Route: producto]
in APPPATH\Controllers\Producto.php on line 17.
 1 SYSTEMPATH\CodeIgniter.php(903): App\Controllers\Producto->__construct()
 2 SYSTEMPATH\CodeIgniter.php(500): CodeIgniter\CodeIgniter->createController()
 3 SYSTEMPATH\CodeIgniter.php(355): CodeIgniter\CodeIgniter->handleRequest(null, Object(Config\Cache), false)
 4 SYSTEMPATH\Boot.php(325): CodeIgniter\CodeIgniter->run()
 5 SYSTEMPATH\Boot.php(67): CodeIgniter\Boot::runCodeIgniter(Object(CodeIgniter\CodeIgniter))
 6 FCPATH\index.php(56): CodeIgniter\Boot::bootWeb(Object(Config\Paths))
CRITICAL - 2024-08-22 15:51:44 --> Error: Class "App\Models\DetalleProductoModel" not found
[Method: GET, Route: producto]
in APPPATH\Controllers\Producto.php on line 17.
 1 SYSTEMPATH\CodeIgniter.php(903): App\Controllers\Producto->__construct()
 2 SYSTEMPATH\CodeIgniter.php(500): CodeIgniter\CodeIgniter->createController()
 3 SYSTEMPATH\CodeIgniter.php(355): CodeIgniter\CodeIgniter->handleRequest(null, Object(Config\Cache), false)
 4 SYSTEMPATH\Boot.php(325): CodeIgniter\CodeIgniter->run()
 5 SYSTEMPATH\Boot.php(67): CodeIgniter\Boot::runCodeIgniter(Object(CodeIgniter\CodeIgniter))
 6 FCPATH\index.php(56): CodeIgniter\Boot::bootWeb(Object(Config\Paths))
CRITICAL - 2024-08-22 15:52:08 --> Error: Class "App\Models\DetalleProductoModel" not found
[Method: GET, Route: producto]
in APPPATH\Controllers\Producto.php on line 17.
 1 SYSTEMPATH\CodeIgniter.php(903): App\Controllers\Producto->__construct()
 2 SYSTEMPATH\CodeIgniter.php(500): CodeIgniter\CodeIgniter->createController()
 3 SYSTEMPATH\CodeIgniter.php(355): CodeIgniter\CodeIgniter->handleRequest(null, Object(Config\Cache), false)
 4 SYSTEMPATH\Boot.php(325): CodeIgniter\CodeIgniter->run()
 5 SYSTEMPATH\Boot.php(67): CodeIgniter\Boot::runCodeIgniter(Object(CodeIgniter\CodeIgniter))
 6 FCPATH\index.php(56): CodeIgniter\Boot::bootWeb(Object(Config\Paths))
CRITICAL - 2024-08-22 15:52:09 --> Error: Class "App\Models\DetalleProductoModel" not found
[Method: GET, Route: producto]
in APPPATH\Controllers\Producto.php on line 17.
 1 SYSTEMPATH\CodeIgniter.php(903): App\Controllers\Producto->__construct()
 2 SYSTEMPATH\CodeIgniter.php(500): CodeIgniter\CodeIgniter->createController()
 3 SYSTEMPATH\CodeIgniter.php(355): CodeIgniter\CodeIgniter->handleRequest(null, Object(Config\Cache), false)
 4 SYSTEMPATH\Boot.php(325): CodeIgniter\CodeIgniter->run()
 5 SYSTEMPATH\Boot.php(67): CodeIgniter\Boot::runCodeIgniter(Object(CodeIgniter\CodeIgniter))
 6 FCPATH\index.php(56): CodeIgniter\Boot::bootWeb(Object(Config\Paths))
CRITICAL - 2024-08-22 15:52:10 --> Error: Class "App\Models\DetalleProductoModel" not found
[Method: GET, Route: producto]
in APPPATH\Controllers\Producto.php on line 17.
 1 SYSTEMPATH\CodeIgniter.php(903): App\Controllers\Producto->__construct()
 2 SYSTEMPATH\CodeIgniter.php(500): CodeIgniter\CodeIgniter->createController()
 3 SYSTEMPATH\CodeIgniter.php(355): CodeIgniter\CodeIgniter->handleRequest(null, Object(Config\Cache), false)
 4 SYSTEMPATH\Boot.php(325): CodeIgniter\CodeIgniter->run()
 5 SYSTEMPATH\Boot.php(67): CodeIgniter\Boot::runCodeIgniter(Object(CodeIgniter\CodeIgniter))
 6 FCPATH\index.php(56): CodeIgniter\Boot::bootWeb(Object(Config\Paths))
CRITICAL - 2024-08-22 15:52:10 --> Error: Class "App\Models\DetalleProductoModel" not found
[Method: GET, Route: producto]
in APPPATH\Controllers\Producto.php on line 17.
 1 SYSTEMPATH\CodeIgniter.php(903): App\Controllers\Producto->__construct()
 2 SYSTEMPATH\CodeIgniter.php(500): CodeIgniter\CodeIgniter->createController()
 3 SYSTEMPATH\CodeIgniter.php(355): CodeIgniter\CodeIgniter->handleRequest(null, Object(Config\Cache), false)
 4 SYSTEMPATH\Boot.php(325): CodeIgniter\CodeIgniter->run()
 5 SYSTEMPATH\Boot.php(67): CodeIgniter\Boot::runCodeIgniter(Object(CodeIgniter\CodeIgniter))
 6 FCPATH\index.php(56): CodeIgniter\Boot::bootWeb(Object(Config\Paths))
CRITICAL - 2024-08-22 15:52:11 --> Error: Class "App\Models\DetalleProductoModel" not found
[Method: GET, Route: producto]
in APPPATH\Controllers\Producto.php on line 17.
 1 SYSTEMPATH\CodeIgniter.php(903): App\Controllers\Producto->__construct()
 2 SYSTEMPATH\CodeIgniter.php(500): CodeIgniter\CodeIgniter->createController()
 3 SYSTEMPATH\CodeIgniter.php(355): CodeIgniter\CodeIgniter->handleRequest(null, Object(Config\Cache), false)
 4 SYSTEMPATH\Boot.php(325): CodeIgniter\CodeIgniter->run()
 5 SYSTEMPATH\Boot.php(67): CodeIgniter\Boot::runCodeIgniter(Object(CodeIgniter\CodeIgniter))
 6 FCPATH\index.php(56): CodeIgniter\Boot::bootWeb(Object(Config\Paths))
CRITICAL - 2024-08-22 15:52:11 --> Error: Class "App\Models\DetalleProductoModel" not found
[Method: GET, Route: producto]
in APPPATH\Controllers\Producto.php on line 17.
 1 SYSTEMPATH\CodeIgniter.php(903): App\Controllers\Producto->__construct()
 2 SYSTEMPATH\CodeIgniter.php(500): CodeIgniter\CodeIgniter->createController()
 3 SYSTEMPATH\CodeIgniter.php(355): CodeIgniter\CodeIgniter->handleRequest(null, Object(Config\Cache), false)
 4 SYSTEMPATH\Boot.php(325): CodeIgniter\CodeIgniter->run()
 5 SYSTEMPATH\Boot.php(67): CodeIgniter\Boot::runCodeIgniter(Object(CodeIgniter\CodeIgniter))
 6 FCPATH\index.php(56): CodeIgniter\Boot::bootWeb(Object(Config\Paths))
CRITICAL - 2024-08-22 15:57:45 --> ParseError: syntax error, unexpected identifier "view", expecting ";"
[Method: GET, Route: producto/agregar]
in APPPATH\Controllers\Producto.php on line 27.
 1 SYSTEMPATH\Router\Router.php(563): CodeIgniter\Router\AutoRouter->getRoute('producto/agregar', 'GET')
 2 SYSTEMPATH\Router\Router.php(228): CodeIgniter\Router\Router->autoRoute('producto/agregar')
 3 SYSTEMPATH\CodeIgniter.php(834): CodeIgniter\Router\Router->handle('producto/agregar')
 4 SYSTEMPATH\CodeIgniter.php(457): CodeIgniter\CodeIgniter->tryToRouteIt(Object(CodeIgniter\Router\RouteCollection))
 5 SYSTEMPATH\CodeIgniter.php(355): CodeIgniter\CodeIgniter->handleRequest(null, Object(Config\Cache), false)
 6 SYSTEMPATH\Boot.php(325): CodeIgniter\CodeIgniter->run()
 7 SYSTEMPATH\Boot.php(67): CodeIgniter\Boot::runCodeIgniter(Object(CodeIgniter\CodeIgniter))
 8 FCPATH\index.php(56): CodeIgniter\Boot::bootWeb(Object(Config\Paths))
ERROR - 2024-08-22 16:02:36 --> mysqli_sql_exception: Cannot add or update a child row: a foreign key constraint fails (`bdhotel`.`detalle_producto`, CONSTRAINT `detalle_producto_ibfk_2` FOREIGN KEY (`id_venta`) REFERENCES `venta` (`id`)) in C:\xampp\htdocs\sistema-hotel\system\Database\MySQLi\Connection.php:312
Stack trace:
#0 C:\xampp\htdocs\sistema-hotel\system\Database\MySQLi\Connection.php(312): mysqli->query('INSERT INTO `de...', 0)
#1 C:\xampp\htdocs\sistema-hotel\system\Database\BaseConnection.php(734): CodeIgniter\Database\MySQLi\Connection->execute('INSERT INTO `de...')
#2 C:\xampp\htdocs\sistema-hotel\system\Database\BaseConnection.php(648): CodeIgniter\Database\BaseConnection->simpleQuery('INSERT INTO `de...')
#3 C:\xampp\htdocs\sistema-hotel\system\Database\BaseBuilder.php(2340): CodeIgniter\Database\BaseConnection->query('INSERT INTO `de...', Array, false)
#4 C:\xampp\htdocs\sistema-hotel\system\Model.php(394): CodeIgniter\Database\BaseBuilder->insert()
#5 C:\xampp\htdocs\sistema-hotel\system\BaseModel.php(840): CodeIgniter\Model->doInsert(Array)
#6 C:\xampp\htdocs\sistema-hotel\system\Model.php(802): CodeIgniter\BaseModel->insert(Array, true)
#7 C:\xampp\htdocs\sistema-hotel\app\Controllers\Producto.php(77): CodeIgniter\Model->insert(Array)
#8 C:\xampp\htdocs\sistema-hotel\system\CodeIgniter.php(933): App\Controllers\Producto->agregarbd()
#9 C:\xampp\htdocs\sistema-hotel\system\CodeIgniter.php(509): CodeIgniter\CodeIgniter->runController(Object(App\Controllers\Producto))
#10 C:\xampp\htdocs\sistema-hotel\system\CodeIgniter.php(355): CodeIgniter\CodeIgniter->handleRequest(NULL, Object(Config\Cache), false)
#11 C:\xampp\htdocs\sistema-hotel\system\Boot.php(325): CodeIgniter\CodeIgniter->run()
#12 C:\xampp\htdocs\sistema-hotel\system\Boot.php(67): CodeIgniter\Boot::runCodeIgniter(Object(CodeIgniter\CodeIgniter))
#13 C:\xampp\htdocs\sistema-hotel\public\index.php(56): CodeIgniter\Boot::bootWeb(Object(Config\Paths))
#14 {main}
CRITICAL - 2024-08-22 16:02:36 --> CodeIgniter\Database\Exceptions\DatabaseException: Cannot add or update a child row: a foreign key constraint fails (`bdhotel`.`detalle_producto`, CONSTRAINT `detalle_producto_ibfk_2` FOREIGN KEY (`id_venta`) REFERENCES `venta` (`id`))
[Method: POST, Route: producto/agregarbd]
in SYSTEMPATH\Database\BaseConnection.php on line 688.
 1 SYSTEMPATH\Database\BaseBuilder.php(2340): CodeIgniter\Database\BaseConnection->query('INSERT INTO `detalle_producto` (`id_producto`, `precio_unitario`) VALUES (:id_producto:, :precio_unitario:)', [...], false)
 2 SYSTEMPATH\Model.php(394): CodeIgniter\Database\BaseBuilder->insert()
 3 SYSTEMPATH\BaseModel.php(840): CodeIgniter\Model->doInsert([...])
 4 SYSTEMPATH\Model.php(802): CodeIgniter\BaseModel->insert([...], true)
 5 APPPATH\Controllers\Producto.php(77): CodeIgniter\Model->insert([...])
 6 SYSTEMPATH\CodeIgniter.php(933): App\Controllers\Producto->agregarbd()
 7 SYSTEMPATH\CodeIgniter.php(509): CodeIgniter\CodeIgniter->runController(Object(App\Controllers\Producto))
 8 SYSTEMPATH\CodeIgniter.php(355): CodeIgniter\CodeIgniter->handleRequest(null, Object(Config\Cache), false)
 9 SYSTEMPATH\Boot.php(325): CodeIgniter\CodeIgniter->run()
10 SYSTEMPATH\Boot.php(67): CodeIgniter\Boot::runCodeIgniter(Object(CodeIgniter\CodeIgniter))
11 FCPATH\index.php(56): CodeIgniter\Boot::bootWeb(Object(Config\Paths))
CRITICAL - 2024-08-22 16:02:36 --> [Caused by] CodeIgniter\Database\Exceptions\DatabaseException: Cannot add or update a child row: a foreign key constraint fails (`bdhotel`.`detalle_producto`, CONSTRAINT `detalle_producto_ibfk_2` FOREIGN KEY (`id_venta`) REFERENCES `venta` (`id`))
in SYSTEMPATH\Database\MySQLi\Connection.php on line 317.
 1 SYSTEMPATH\Database\BaseConnection.php(734): CodeIgniter\Database\MySQLi\Connection->execute('INSERT INTO `detalle_producto` (`id_producto`, `precio_unitario`) VALUES (10, \'21\')')
 2 SYSTEMPATH\Database\BaseConnection.php(648): CodeIgniter\Database\BaseConnection->simpleQuery('INSERT INTO `detalle_producto` (`id_producto`, `precio_unitario`) VALUES (10, \'21\')')
 3 SYSTEMPATH\Database\BaseBuilder.php(2340): CodeIgniter\Database\BaseConnection->query('INSERT INTO `detalle_producto` (`id_producto`, `precio_unitario`) VALUES (:id_producto:, :precio_unitario:)', [...], false)
 4 SYSTEMPATH\Model.php(394): CodeIgniter\Database\BaseBuilder->insert()
 5 SYSTEMPATH\BaseModel.php(840): CodeIgniter\Model->doInsert([...])
 6 SYSTEMPATH\Model.php(802): CodeIgniter\BaseModel->insert([...], true)
 7 APPPATH\Controllers\Producto.php(77): CodeIgniter\Model->insert([...])
 8 SYSTEMPATH\CodeIgniter.php(933): App\Controllers\Producto->agregarbd()
 9 SYSTEMPATH\CodeIgniter.php(509): CodeIgniter\CodeIgniter->runController(Object(App\Controllers\Producto))
10 SYSTEMPATH\CodeIgniter.php(355): CodeIgniter\CodeIgniter->handleRequest(null, Object(Config\Cache), false)
11 SYSTEMPATH\Boot.php(325): CodeIgniter\CodeIgniter->run()
12 SYSTEMPATH\Boot.php(67): CodeIgniter\Boot::runCodeIgniter(Object(CodeIgniter\CodeIgniter))
13 FCPATH\index.php(56): CodeIgniter\Boot::bootWeb(Object(Config\Paths))
CRITICAL - 2024-08-22 16:02:36 --> [Caused by] mysqli_sql_exception: Cannot add or update a child row: a foreign key constraint fails (`bdhotel`.`detalle_producto`, CONSTRAINT `detalle_producto_ibfk_2` FOREIGN KEY (`id_venta`) REFERENCES `venta` (`id`))
in SYSTEMPATH\Database\MySQLi\Connection.php on line 312.
 1 SYSTEMPATH\Database\MySQLi\Connection.php(312): mysqli->query('INSERT INTO `detalle_producto` (`id_producto`, `precio_unitario`) VALUES (10, \'21\')', 0)
 2 SYSTEMPATH\Database\BaseConnection.php(734): CodeIgniter\Database\MySQLi\Connection->execute('INSERT INTO `detalle_producto` (`id_producto`, `precio_unitario`) VALUES (10, \'21\')')
 3 SYSTEMPATH\Database\BaseConnection.php(648): CodeIgniter\Database\BaseConnection->simpleQuery('INSERT INTO `detalle_producto` (`id_producto`, `precio_unitario`) VALUES (10, \'21\')')
 4 SYSTEMPATH\Database\BaseBuilder.php(2340): CodeIgniter\Database\BaseConnection->query('INSERT INTO `detalle_producto` (`id_producto`, `precio_unitario`) VALUES (:id_producto:, :precio_unitario:)', [...], false)
 5 SYSTEMPATH\Model.php(394): CodeIgniter\Database\BaseBuilder->insert()
 6 SYSTEMPATH\BaseModel.php(840): CodeIgniter\Model->doInsert([...])
 7 SYSTEMPATH\Model.php(802): CodeIgniter\BaseModel->insert([...], true)
 8 APPPATH\Controllers\Producto.php(77): CodeIgniter\Model->insert([...])
 9 SYSTEMPATH\CodeIgniter.php(933): App\Controllers\Producto->agregarbd()
10 SYSTEMPATH\CodeIgniter.php(509): CodeIgniter\CodeIgniter->runController(Object(App\Controllers\Producto))
11 SYSTEMPATH\CodeIgniter.php(355): CodeIgniter\CodeIgniter->handleRequest(null, Object(Config\Cache), false)
12 SYSTEMPATH\Boot.php(325): CodeIgniter\CodeIgniter->run()
13 SYSTEMPATH\Boot.php(67): CodeIgniter\Boot::runCodeIgniter(Object(CodeIgniter\CodeIgniter))
14 FCPATH\index.php(56): CodeIgniter\Boot::bootWeb(Object(Config\Paths))
ERROR - 2024-08-22 16:04:02 --> mysqli_sql_exception: Cannot add or update a child row: a foreign key constraint fails (`bdhotel`.`detalle_producto`, CONSTRAINT `detalle_producto_ibfk_2` FOREIGN KEY (`id_venta`) REFERENCES `venta` (`id`)) in C:\xampp\htdocs\sistema-hotel\system\Database\MySQLi\Connection.php:312
Stack trace:
#0 C:\xampp\htdocs\sistema-hotel\system\Database\MySQLi\Connection.php(312): mysqli->query('INSERT INTO `de...', 0)
#1 C:\xampp\htdocs\sistema-hotel\system\Database\BaseConnection.php(734): CodeIgniter\Database\MySQLi\Connection->execute('INSERT INTO `de...')
#2 C:\xampp\htdocs\sistema-hotel\system\Database\BaseConnection.php(648): CodeIgniter\Database\BaseConnection->simpleQuery('INSERT INTO `de...')
#3 C:\xampp\htdocs\sistema-hotel\system\Database\BaseBuilder.php(2340): CodeIgniter\Database\BaseConnection->query('INSERT INTO `de...', Array, false)
#4 C:\xampp\htdocs\sistema-hotel\system\Model.php(394): CodeIgniter\Database\BaseBuilder->insert()
#5 C:\xampp\htdocs\sistema-hotel\system\BaseModel.php(840): CodeIgniter\Model->doInsert(Array)
#6 C:\xampp\htdocs\sistema-hotel\system\Model.php(802): CodeIgniter\BaseModel->insert(Array, true)
#7 C:\xampp\htdocs\sistema-hotel\app\Controllers\Producto.php(77): CodeIgniter\Model->insert(Array)
#8 C:\xampp\htdocs\sistema-hotel\system\CodeIgniter.php(933): App\Controllers\Producto->agregarbd()
#9 C:\xampp\htdocs\sistema-hotel\system\CodeIgniter.php(509): CodeIgniter\CodeIgniter->runController(Object(App\Controllers\Producto))
#10 C:\xampp\htdocs\sistema-hotel\system\CodeIgniter.php(355): CodeIgniter\CodeIgniter->handleRequest(NULL, Object(Config\Cache), false)
#11 C:\xampp\htdocs\sistema-hotel\system\Boot.php(325): CodeIgniter\CodeIgniter->run()
#12 C:\xampp\htdocs\sistema-hotel\system\Boot.php(67): CodeIgniter\Boot::runCodeIgniter(Object(CodeIgniter\CodeIgniter))
#13 C:\xampp\htdocs\sistema-hotel\public\index.php(56): CodeIgniter\Boot::bootWeb(Object(Config\Paths))
#14 {main}
CRITICAL - 2024-08-22 16:04:02 --> CodeIgniter\Database\Exceptions\DatabaseException: Cannot add or update a child row: a foreign key constraint fails (`bdhotel`.`detalle_producto`, CONSTRAINT `detalle_producto_ibfk_2` FOREIGN KEY (`id_venta`) REFERENCES `venta` (`id`))
[Method: POST, Route: producto/agregarbd]
in SYSTEMPATH\Database\BaseConnection.php on line 688.
 1 SYSTEMPATH\Database\BaseBuilder.php(2340): CodeIgniter\Database\BaseConnection->query('INSERT INTO `detalle_producto` (`id_producto`, `precio_unitario`) VALUES (:id_producto:, :precio_unitario:)', [...], false)
 2 SYSTEMPATH\Model.php(394): CodeIgniter\Database\BaseBuilder->insert()
 3 SYSTEMPATH\BaseModel.php(840): CodeIgniter\Model->doInsert([...])
 4 SYSTEMPATH\Model.php(802): CodeIgniter\BaseModel->insert([...], true)
 5 APPPATH\Controllers\Producto.php(77): CodeIgniter\Model->insert([...])
 6 SYSTEMPATH\CodeIgniter.php(933): App\Controllers\Producto->agregarbd()
 7 SYSTEMPATH\CodeIgniter.php(509): CodeIgniter\CodeIgniter->runController(Object(App\Controllers\Producto))
 8 SYSTEMPATH\CodeIgniter.php(355): CodeIgniter\CodeIgniter->handleRequest(null, Object(Config\Cache), false)
 9 SYSTEMPATH\Boot.php(325): CodeIgniter\CodeIgniter->run()
10 SYSTEMPATH\Boot.php(67): CodeIgniter\Boot::runCodeIgniter(Object(CodeIgniter\CodeIgniter))
11 FCPATH\index.php(56): CodeIgniter\Boot::bootWeb(Object(Config\Paths))
CRITICAL - 2024-08-22 16:04:02 --> [Caused by] CodeIgniter\Database\Exceptions\DatabaseException: Cannot add or update a child row: a foreign key constraint fails (`bdhotel`.`detalle_producto`, CONSTRAINT `detalle_producto_ibfk_2` FOREIGN KEY (`id_venta`) REFERENCES `venta` (`id`))
in SYSTEMPATH\Database\MySQLi\Connection.php on line 317.
 1 SYSTEMPATH\Database\BaseConnection.php(734): CodeIgniter\Database\MySQLi\Connection->execute('INSERT INTO `detalle_producto` (`id_producto`, `precio_unitario`) VALUES (11, \'21\')')
 2 SYSTEMPATH\Database\BaseConnection.php(648): CodeIgniter\Database\BaseConnection->simpleQuery('INSERT INTO `detalle_producto` (`id_producto`, `precio_unitario`) VALUES (11, \'21\')')
 3 SYSTEMPATH\Database\BaseBuilder.php(2340): CodeIgniter\Database\BaseConnection->query('INSERT INTO `detalle_producto` (`id_producto`, `precio_unitario`) VALUES (:id_producto:, :precio_unitario:)', [...], false)
 4 SYSTEMPATH\Model.php(394): CodeIgniter\Database\BaseBuilder->insert()
 5 SYSTEMPATH\BaseModel.php(840): CodeIgniter\Model->doInsert([...])
 6 SYSTEMPATH\Model.php(802): CodeIgniter\BaseModel->insert([...], true)
 7 APPPATH\Controllers\Producto.php(77): CodeIgniter\Model->insert([...])
 8 SYSTEMPATH\CodeIgniter.php(933): App\Controllers\Producto->agregarbd()
 9 SYSTEMPATH\CodeIgniter.php(509): CodeIgniter\CodeIgniter->runController(Object(App\Controllers\Producto))
10 SYSTEMPATH\CodeIgniter.php(355): CodeIgniter\CodeIgniter->handleRequest(null, Object(Config\Cache), false)
11 SYSTEMPATH\Boot.php(325): CodeIgniter\CodeIgniter->run()
12 SYSTEMPATH\Boot.php(67): CodeIgniter\Boot::runCodeIgniter(Object(CodeIgniter\CodeIgniter))
13 FCPATH\index.php(56): CodeIgniter\Boot::bootWeb(Object(Config\Paths))
CRITICAL - 2024-08-22 16:04:02 --> [Caused by] mysqli_sql_exception: Cannot add or update a child row: a foreign key constraint fails (`bdhotel`.`detalle_producto`, CONSTRAINT `detalle_producto_ibfk_2` FOREIGN KEY (`id_venta`) REFERENCES `venta` (`id`))
in SYSTEMPATH\Database\MySQLi\Connection.php on line 312.
 1 SYSTEMPATH\Database\MySQLi\Connection.php(312): mysqli->query('INSERT INTO `detalle_producto` (`id_producto`, `precio_unitario`) VALUES (11, \'21\')', 0)
 2 SYSTEMPATH\Database\BaseConnection.php(734): CodeIgniter\Database\MySQLi\Connection->execute('INSERT INTO `detalle_producto` (`id_producto`, `precio_unitario`) VALUES (11, \'21\')')
 3 SYSTEMPATH\Database\BaseConnection.php(648): CodeIgniter\Database\BaseConnection->simpleQuery('INSERT INTO `detalle_producto` (`id_producto`, `precio_unitario`) VALUES (11, \'21\')')
 4 SYSTEMPATH\Database\BaseBuilder.php(2340): CodeIgniter\Database\BaseConnection->query('INSERT INTO `detalle_producto` (`id_producto`, `precio_unitario`) VALUES (:id_producto:, :precio_unitario:)', [...], false)
 5 SYSTEMPATH\Model.php(394): CodeIgniter\Database\BaseBuilder->insert()
 6 SYSTEMPATH\BaseModel.php(840): CodeIgniter\Model->doInsert([...])
 7 SYSTEMPATH\Model.php(802): CodeIgniter\BaseModel->insert([...], true)
 8 APPPATH\Controllers\Producto.php(77): CodeIgniter\Model->insert([...])
 9 SYSTEMPATH\CodeIgniter.php(933): App\Controllers\Producto->agregarbd()
10 SYSTEMPATH\CodeIgniter.php(509): CodeIgniter\CodeIgniter->runController(Object(App\Controllers\Producto))
11 SYSTEMPATH\CodeIgniter.php(355): CodeIgniter\CodeIgniter->handleRequest(null, Object(Config\Cache), false)
12 SYSTEMPATH\Boot.php(325): CodeIgniter\CodeIgniter->run()
13 SYSTEMPATH\Boot.php(67): CodeIgniter\Boot::runCodeIgniter(Object(CodeIgniter\CodeIgniter))
14 FCPATH\index.php(56): CodeIgniter\Boot::bootWeb(Object(Config\Paths))
CRITICAL - 2024-08-22 16:28:54 --> ErrorException: Undefined array key "precio_unitario"
[Method: GET, Route: producto]
in APPPATH\Views\producto\listar.php on line 52.
 1 APPPATH\Views\producto\listar.php(52): CodeIgniter\Debug\Exceptions->errorHandler(2, 'Undefined array key "precio_unitario"', 'C:\\xampp\\htdocs\\sistema-hotel\\app\\Views\\producto\\listar.php', 52)
 2 SYSTEMPATH\View\View.php(234): include('C:\\xampp\\htdocs\\sistema-hotel\\app\\Views\\producto\\listar.php')
 3 SYSTEMPATH\View\View.php(237): CodeIgniter\View\View->CodeIgniter\View\{closure}()
 4 SYSTEMPATH\Common.php(1169): CodeIgniter\View\View->render('producto/listar', [], true)
 5 APPPATH\Controllers\Producto.php(26): view('producto/listar', [...])
 6 SYSTEMPATH\CodeIgniter.php(933): App\Controllers\Producto->index()
 7 SYSTEMPATH\CodeIgniter.php(509): CodeIgniter\CodeIgniter->runController(Object(App\Controllers\Producto))
 8 SYSTEMPATH\CodeIgniter.php(355): CodeIgniter\CodeIgniter->handleRequest(null, Object(Config\Cache), false)
 9 SYSTEMPATH\Boot.php(325): CodeIgniter\CodeIgniter->run()
10 SYSTEMPATH\Boot.php(67): CodeIgniter\Boot::runCodeIgniter(Object(CodeIgniter\CodeIgniter))
11 FCPATH\index.php(56): CodeIgniter\Boot::bootWeb(Object(Config\Paths))
CRITICAL - 2024-08-22 16:28:57 --> ErrorException: Undefined array key "precio_unitario"
[Method: GET, Route: producto]
in APPPATH\Views\producto\listar.php on line 52.
 1 APPPATH\Views\producto\listar.php(52): CodeIgniter\Debug\Exceptions->errorHandler(2, 'Undefined array key "precio_unitario"', 'C:\\xampp\\htdocs\\sistema-hotel\\app\\Views\\producto\\listar.php', 52)
 2 SYSTEMPATH\View\View.php(234): include('C:\\xampp\\htdocs\\sistema-hotel\\app\\Views\\producto\\listar.php')
 3 SYSTEMPATH\View\View.php(237): CodeIgniter\View\View->CodeIgniter\View\{closure}()
 4 SYSTEMPATH\Common.php(1169): CodeIgniter\View\View->render('producto/listar', [], true)
 5 APPPATH\Controllers\Producto.php(26): view('producto/listar', [...])
 6 SYSTEMPATH\CodeIgniter.php(933): App\Controllers\Producto->index()
 7 SYSTEMPATH\CodeIgniter.php(509): CodeIgniter\CodeIgniter->runController(Object(App\Controllers\Producto))
 8 SYSTEMPATH\CodeIgniter.php(355): CodeIgniter\CodeIgniter->handleRequest(null, Object(Config\Cache), false)
 9 SYSTEMPATH\Boot.php(325): CodeIgniter\CodeIgniter->run()
10 SYSTEMPATH\Boot.php(67): CodeIgniter\Boot::runCodeIgniter(Object(CodeIgniter\CodeIgniter))
11 FCPATH\index.php(56): CodeIgniter\Boot::bootWeb(Object(Config\Paths))
ERROR - 2024-08-22 16:30:21 --> mysqli_sql_exception: Unknown table 'productos' in C:\xampp\htdocs\sistema-hotel\system\Database\MySQLi\Connection.php:312
Stack trace:
#0 C:\xampp\htdocs\sistema-hotel\system\Database\MySQLi\Connection.php(312): mysqli->query('SELECT `product...', 0)
#1 C:\xampp\htdocs\sistema-hotel\system\Database\BaseConnection.php(734): CodeIgniter\Database\MySQLi\Connection->execute('SELECT `product...')
#2 C:\xampp\htdocs\sistema-hotel\system\Database\BaseConnection.php(648): CodeIgniter\Database\BaseConnection->simpleQuery('SELECT `product...')
#3 C:\xampp\htdocs\sistema-hotel\system\Database\BaseBuilder.php(1644): CodeIgniter\Database\BaseConnection->query('SELECT `product...', Array, false)
#4 C:\xampp\htdocs\sistema-hotel\system\Model.php(286): CodeIgniter\Database\BaseBuilder->get()
#5 C:\xampp\htdocs\sistema-hotel\system\BaseModel.php(676): CodeIgniter\Model->doFindAll(0, 0)
#6 C:\xampp\htdocs\sistema-hotel\app\Controllers\Producto.php(27): CodeIgniter\BaseModel->findAll()
#7 C:\xampp\htdocs\sistema-hotel\system\CodeIgniter.php(933): App\Controllers\Producto->index()
#8 C:\xampp\htdocs\sistema-hotel\system\CodeIgniter.php(509): CodeIgniter\CodeIgniter->runController(Object(App\Controllers\Producto))
#9 C:\xampp\htdocs\sistema-hotel\system\CodeIgniter.php(355): CodeIgniter\CodeIgniter->handleRequest(NULL, Object(Config\Cache), false)
#10 C:\xampp\htdocs\sistema-hotel\system\Boot.php(325): CodeIgniter\CodeIgniter->run()
#11 C:\xampp\htdocs\sistema-hotel\system\Boot.php(67): CodeIgniter\Boot::runCodeIgniter(Object(CodeIgniter\CodeIgniter))
#12 C:\xampp\htdocs\sistema-hotel\public\index.php(56): CodeIgniter\Boot::bootWeb(Object(Config\Paths))
#13 {main}
CRITICAL - 2024-08-22 16:30:21 --> CodeIgniter\Database\Exceptions\DatabaseException: Unknown table 'productos'
[Method: GET, Route: producto]
in SYSTEMPATH\Database\BaseConnection.php on line 688.
 1 SYSTEMPATH\Database\BaseBuilder.php(1644): CodeIgniter\Database\BaseConnection->query('SELECT `productos`.*, `detalle_producto`.`precio_unitario`
FROM `producto`
LEFT JOIN `detalle_producto` ON `detalle_producto`.`id_producto` = `productos`.`id`
WHERE `productos`.`estado` = :productos.estado:', [...], false)
 2 SYSTEMPATH\Model.php(286): CodeIgniter\Database\BaseBuilder->get()
 3 SYSTEMPATH\BaseModel.php(676): CodeIgniter\Model->doFindAll(0, 0)
 4 APPPATH\Controllers\Producto.php(27): CodeIgniter\BaseModel->findAll()
 5 SYSTEMPATH\CodeIgniter.php(933): App\Controllers\Producto->index()
 6 SYSTEMPATH\CodeIgniter.php(509): CodeIgniter\CodeIgniter->runController(Object(App\Controllers\Producto))
 7 SYSTEMPATH\CodeIgniter.php(355): CodeIgniter\CodeIgniter->handleRequest(null, Object(Config\Cache), false)
 8 SYSTEMPATH\Boot.php(325): CodeIgniter\CodeIgniter->run()
 9 SYSTEMPATH\Boot.php(67): CodeIgniter\Boot::runCodeIgniter(Object(CodeIgniter\CodeIgniter))
10 FCPATH\index.php(56): CodeIgniter\Boot::bootWeb(Object(Config\Paths))
CRITICAL - 2024-08-22 16:30:21 --> [Caused by] CodeIgniter\Database\Exceptions\DatabaseException: Unknown table 'productos'
in SYSTEMPATH\Database\MySQLi\Connection.php on line 317.
 1 SYSTEMPATH\Database\BaseConnection.php(734): CodeIgniter\Database\MySQLi\Connection->execute('SELECT `productos`.*, `detalle_producto`.`precio_unitario`
FROM `producto`
LEFT JOIN `detalle_producto` ON `detalle_producto`.`id_producto` = `productos`.`id`
WHERE `productos`.`estado` = 1')
 2 SYSTEMPATH\Database\BaseConnection.php(648): CodeIgniter\Database\BaseConnection->simpleQuery('SELECT `productos`.*, `detalle_producto`.`precio_unitario`
FROM `producto`
LEFT JOIN `detalle_producto` ON `detalle_producto`.`id_producto` = `productos`.`id`
WHERE `productos`.`estado` = 1')
 3 SYSTEMPATH\Database\BaseBuilder.php(1644): CodeIgniter\Database\BaseConnection->query('SELECT `productos`.*, `detalle_producto`.`precio_unitario`
FROM `producto`
LEFT JOIN `detalle_producto` ON `detalle_producto`.`id_producto` = `productos`.`id`
WHERE `productos`.`estado` = :productos.estado:', [...], false)
 4 SYSTEMPATH\Model.php(286): CodeIgniter\Database\BaseBuilder->get()
 5 SYSTEMPATH\BaseModel.php(676): CodeIgniter\Model->doFindAll(0, 0)
 6 APPPATH\Controllers\Producto.php(27): CodeIgniter\BaseModel->findAll()
 7 SYSTEMPATH\CodeIgniter.php(933): App\Controllers\Producto->index()
 8 SYSTEMPATH\CodeIgniter.php(509): CodeIgniter\CodeIgniter->runController(Object(App\Controllers\Producto))
 9 SYSTEMPATH\CodeIgniter.php(355): CodeIgniter\CodeIgniter->handleRequest(null, Object(Config\Cache), false)
10 SYSTEMPATH\Boot.php(325): CodeIgniter\CodeIgniter->run()
11 SYSTEMPATH\Boot.php(67): CodeIgniter\Boot::runCodeIgniter(Object(CodeIgniter\CodeIgniter))
12 FCPATH\index.php(56): CodeIgniter\Boot::bootWeb(Object(Config\Paths))
CRITICAL - 2024-08-22 16:30:21 --> [Caused by] mysqli_sql_exception: Unknown table 'productos'
in SYSTEMPATH\Database\MySQLi\Connection.php on line 312.
 1 SYSTEMPATH\Database\MySQLi\Connection.php(312): mysqli->query('SELECT `productos`.*, `detalle_producto`.`precio_unitario`
FROM `producto`
LEFT JOIN `detalle_producto` ON `detalle_producto`.`id_producto` = `productos`.`id`
WHERE `productos`.`estado` = 1', 0)
 2 SYSTEMPATH\Database\BaseConnection.php(734): CodeIgniter\Database\MySQLi\Connection->execute('SELECT `productos`.*, `detalle_producto`.`precio_unitario`
FROM `producto`
LEFT JOIN `detalle_producto` ON `detalle_producto`.`id_producto` = `productos`.`id`
WHERE `productos`.`estado` = 1')
 3 SYSTEMPATH\Database\BaseConnection.php(648): CodeIgniter\Database\BaseConnection->simpleQuery('SELECT `productos`.*, `detalle_producto`.`precio_unitario`
FROM `producto`
LEFT JOIN `detalle_producto` ON `detalle_producto`.`id_producto` = `productos`.`id`
WHERE `productos`.`estado` = 1')
 4 SYSTEMPATH\Database\BaseBuilder.php(1644): CodeIgniter\Database\BaseConnection->query('SELECT `productos`.*, `detalle_producto`.`precio_unitario`
FROM `producto`
LEFT JOIN `detalle_producto` ON `detalle_producto`.`id_producto` = `productos`.`id`
WHERE `productos`.`estado` = :productos.estado:', [...], false)
 5 SYSTEMPATH\Model.php(286): CodeIgniter\Database\BaseBuilder->get()
 6 SYSTEMPATH\BaseModel.php(676): CodeIgniter\Model->doFindAll(0, 0)
 7 APPPATH\Controllers\Producto.php(27): CodeIgniter\BaseModel->findAll()
 8 SYSTEMPATH\CodeIgniter.php(933): App\Controllers\Producto->index()
 9 SYSTEMPATH\CodeIgniter.php(509): CodeIgniter\CodeIgniter->runController(Object(App\Controllers\Producto))
10 SYSTEMPATH\CodeIgniter.php(355): CodeIgniter\CodeIgniter->handleRequest(null, Object(Config\Cache), false)
11 SYSTEMPATH\Boot.php(325): CodeIgniter\CodeIgniter->run()
12 SYSTEMPATH\Boot.php(67): CodeIgniter\Boot::runCodeIgniter(Object(CodeIgniter\CodeIgniter))
13 FCPATH\index.php(56): CodeIgniter\Boot::bootWeb(Object(Config\Paths))
ERROR - 2024-08-22 16:31:11 --> mysqli_sql_exception: Unknown table 'productos' in C:\xampp\htdocs\sistema-hotel\system\Database\MySQLi\Connection.php:312
Stack trace:
#0 C:\xampp\htdocs\sistema-hotel\system\Database\MySQLi\Connection.php(312): mysqli->query('SELECT `product...', 0)
#1 C:\xampp\htdocs\sistema-hotel\system\Database\BaseConnection.php(734): CodeIgniter\Database\MySQLi\Connection->execute('SELECT `product...')
#2 C:\xampp\htdocs\sistema-hotel\system\Database\BaseConnection.php(648): CodeIgniter\Database\BaseConnection->simpleQuery('SELECT `product...')
#3 C:\xampp\htdocs\sistema-hotel\system\Database\BaseBuilder.php(1644): CodeIgniter\Database\BaseConnection->query('SELECT `product...', Array, false)
#4 C:\xampp\htdocs\sistema-hotel\system\Model.php(286): CodeIgniter\Database\BaseBuilder->get()
#5 C:\xampp\htdocs\sistema-hotel\system\BaseModel.php(676): CodeIgniter\Model->doFindAll(0, 0)
#6 C:\xampp\htdocs\sistema-hotel\app\Controllers\Producto.php(27): CodeIgniter\BaseModel->findAll()
#7 C:\xampp\htdocs\sistema-hotel\system\CodeIgniter.php(933): App\Controllers\Producto->index()
#8 C:\xampp\htdocs\sistema-hotel\system\CodeIgniter.php(509): CodeIgniter\CodeIgniter->runController(Object(App\Controllers\Producto))
#9 C:\xampp\htdocs\sistema-hotel\system\CodeIgniter.php(355): CodeIgniter\CodeIgniter->handleRequest(NULL, Object(Config\Cache), false)
#10 C:\xampp\htdocs\sistema-hotel\system\Boot.php(325): CodeIgniter\CodeIgniter->run()
#11 C:\xampp\htdocs\sistema-hotel\system\Boot.php(67): CodeIgniter\Boot::runCodeIgniter(Object(CodeIgniter\CodeIgniter))
#12 C:\xampp\htdocs\sistema-hotel\public\index.php(56): CodeIgniter\Boot::bootWeb(Object(Config\Paths))
#13 {main}
CRITICAL - 2024-08-22 16:31:11 --> CodeIgniter\Database\Exceptions\DatabaseException: Unknown table 'productos'
[Method: GET, Route: producto]
in SYSTEMPATH\Database\BaseConnection.php on line 688.
 1 SYSTEMPATH\Database\BaseBuilder.php(1644): CodeIgniter\Database\BaseConnection->query('SELECT `productos`.*, `detalle_producto`.`precio_unitario`
FROM `producto`
LEFT JOIN `detalle_producto` ON `detalle_producto`.`id_producto` = `productos`.`id`
WHERE `productos`.`estado` = :productos.estado:', [...], false)
 2 SYSTEMPATH\Model.php(286): CodeIgniter\Database\BaseBuilder->get()
 3 SYSTEMPATH\BaseModel.php(676): CodeIgniter\Model->doFindAll(0, 0)
 4 APPPATH\Controllers\Producto.php(27): CodeIgniter\BaseModel->findAll()
 5 SYSTEMPATH\CodeIgniter.php(933): App\Controllers\Producto->index()
 6 SYSTEMPATH\CodeIgniter.php(509): CodeIgniter\CodeIgniter->runController(Object(App\Controllers\Producto))
 7 SYSTEMPATH\CodeIgniter.php(355): CodeIgniter\CodeIgniter->handleRequest(null, Object(Config\Cache), false)
 8 SYSTEMPATH\Boot.php(325): CodeIgniter\CodeIgniter->run()
 9 SYSTEMPATH\Boot.php(67): CodeIgniter\Boot::runCodeIgniter(Object(CodeIgniter\CodeIgniter))
10 FCPATH\index.php(56): CodeIgniter\Boot::bootWeb(Object(Config\Paths))
CRITICAL - 2024-08-22 16:31:11 --> [Caused by] CodeIgniter\Database\Exceptions\DatabaseException: Unknown table 'productos'
in SYSTEMPATH\Database\MySQLi\Connection.php on line 317.
 1 SYSTEMPATH\Database\BaseConnection.php(734): CodeIgniter\Database\MySQLi\Connection->execute('SELECT `productos`.*, `detalle_producto`.`precio_unitario`
FROM `producto`
LEFT JOIN `detalle_producto` ON `detalle_producto`.`id_producto` = `productos`.`id`
WHERE `productos`.`estado` = 1')
 2 SYSTEMPATH\Database\BaseConnection.php(648): CodeIgniter\Database\BaseConnection->simpleQuery('SELECT `productos`.*, `detalle_producto`.`precio_unitario`
FROM `producto`
LEFT JOIN `detalle_producto` ON `detalle_producto`.`id_producto` = `productos`.`id`
WHERE `productos`.`estado` = 1')
 3 SYSTEMPATH\Database\BaseBuilder.php(1644): CodeIgniter\Database\BaseConnection->query('SELECT `productos`.*, `detalle_producto`.`precio_unitario`
FROM `producto`
LEFT JOIN `detalle_producto` ON `detalle_producto`.`id_producto` = `productos`.`id`
WHERE `productos`.`estado` = :productos.estado:', [...], false)
 4 SYSTEMPATH\Model.php(286): CodeIgniter\Database\BaseBuilder->get()
 5 SYSTEMPATH\BaseModel.php(676): CodeIgniter\Model->doFindAll(0, 0)
 6 APPPATH\Controllers\Producto.php(27): CodeIgniter\BaseModel->findAll()
 7 SYSTEMPATH\CodeIgniter.php(933): App\Controllers\Producto->index()
 8 SYSTEMPATH\CodeIgniter.php(509): CodeIgniter\CodeIgniter->runController(Object(App\Controllers\Producto))
 9 SYSTEMPATH\CodeIgniter.php(355): CodeIgniter\CodeIgniter->handleRequest(null, Object(Config\Cache), false)
10 SYSTEMPATH\Boot.php(325): CodeIgniter\CodeIgniter->run()
11 SYSTEMPATH\Boot.php(67): CodeIgniter\Boot::runCodeIgniter(Object(CodeIgniter\CodeIgniter))
12 FCPATH\index.php(56): CodeIgniter\Boot::bootWeb(Object(Config\Paths))
CRITICAL - 2024-08-22 16:31:11 --> [Caused by] mysqli_sql_exception: Unknown table 'productos'
in SYSTEMPATH\Database\MySQLi\Connection.php on line 312.
 1 SYSTEMPATH\Database\MySQLi\Connection.php(312): mysqli->query('SELECT `productos`.*, `detalle_producto`.`precio_unitario`
FROM `producto`
LEFT JOIN `detalle_producto` ON `detalle_producto`.`id_producto` = `productos`.`id`
WHERE `productos`.`estado` = 1', 0)
 2 SYSTEMPATH\Database\BaseConnection.php(734): CodeIgniter\Database\MySQLi\Connection->execute('SELECT `productos`.*, `detalle_producto`.`precio_unitario`
FROM `producto`
LEFT JOIN `detalle_producto` ON `detalle_producto`.`id_producto` = `productos`.`id`
WHERE `productos`.`estado` = 1')
 3 SYSTEMPATH\Database\BaseConnection.php(648): CodeIgniter\Database\BaseConnection->simpleQuery('SELECT `productos`.*, `detalle_producto`.`precio_unitario`
FROM `producto`
LEFT JOIN `detalle_producto` ON `detalle_producto`.`id_producto` = `productos`.`id`
WHERE `productos`.`estado` = 1')
 4 SYSTEMPATH\Database\BaseBuilder.php(1644): CodeIgniter\Database\BaseConnection->query('SELECT `productos`.*, `detalle_producto`.`precio_unitario`
FROM `producto`
LEFT JOIN `detalle_producto` ON `detalle_producto`.`id_producto` = `productos`.`id`
WHERE `productos`.`estado` = :productos.estado:', [...], false)
 5 SYSTEMPATH\Model.php(286): CodeIgniter\Database\BaseBuilder->get()
 6 SYSTEMPATH\BaseModel.php(676): CodeIgniter\Model->doFindAll(0, 0)
 7 APPPATH\Controllers\Producto.php(27): CodeIgniter\BaseModel->findAll()
 8 SYSTEMPATH\CodeIgniter.php(933): App\Controllers\Producto->index()
 9 SYSTEMPATH\CodeIgniter.php(509): CodeIgniter\CodeIgniter->runController(Object(App\Controllers\Producto))
10 SYSTEMPATH\CodeIgniter.php(355): CodeIgniter\CodeIgniter->handleRequest(null, Object(Config\Cache), false)
11 SYSTEMPATH\Boot.php(325): CodeIgniter\CodeIgniter->run()
12 SYSTEMPATH\Boot.php(67): CodeIgniter\Boot::runCodeIgniter(Object(CodeIgniter\CodeIgniter))
13 FCPATH\index.php(56): CodeIgniter\Boot::bootWeb(Object(Config\Paths))
CRITICAL - 2024-08-22 17:42:47 --> ErrorException: Undefined variable $usuarios
[Method: GET, Route: huesped]
in APPPATH\Views\huesped\listar.php on line 33.
 1 APPPATH\Views\huesped\listar.php(33): CodeIgniter\Debug\Exceptions->errorHandler(2, 'Undefined variable $usuarios', 'C:\\xampp\\htdocs\\sistema-hotel\\app\\Views\\huesped\\listar.php', 33)
 2 SYSTEMPATH\View\View.php(234): include('C:\\xampp\\htdocs\\sistema-hotel\\app\\Views\\huesped\\listar.php')
 3 SYSTEMPATH\View\View.php(237): CodeIgniter\View\View->CodeIgniter\View\{closure}()
 4 SYSTEMPATH\Common.php(1169): CodeIgniter\View\View->render('huesped/listar', [], true)
 5 APPPATH\Controllers\Huesped.php(23): view('huesped/listar', [...])
 6 SYSTEMPATH\CodeIgniter.php(933): App\Controllers\huesped->index()
 7 SYSTEMPATH\CodeIgniter.php(509): CodeIgniter\CodeIgniter->runController(Object(App\Controllers\huesped))
 8 SYSTEMPATH\CodeIgniter.php(355): CodeIgniter\CodeIgniter->handleRequest(null, Object(Config\Cache), false)
 9 SYSTEMPATH\Boot.php(325): CodeIgniter\CodeIgniter->run()
10 SYSTEMPATH\Boot.php(67): CodeIgniter\Boot::runCodeIgniter(Object(CodeIgniter\CodeIgniter))
11 FCPATH\index.php(56): CodeIgniter\Boot::bootWeb(Object(Config\Paths))
CRITICAL - 2024-08-22 17:43:07 --> ErrorException: Undefined array key "apellido_paterno"
[Method: GET, Route: huesped]
in APPPATH\Views\huesped\listar.php on line 37.
 1 APPPATH\Views\huesped\listar.php(37): CodeIgniter\Debug\Exceptions->errorHandler(2, 'Undefined array key "apellido_paterno"', 'C:\\xampp\\htdocs\\sistema-hotel\\app\\Views\\huesped\\listar.php', 37)
 2 SYSTEMPATH\View\View.php(234): include('C:\\xampp\\htdocs\\sistema-hotel\\app\\Views\\huesped\\listar.php')
 3 SYSTEMPATH\View\View.php(237): CodeIgniter\View\View->CodeIgniter\View\{closure}()
 4 SYSTEMPATH\Common.php(1169): CodeIgniter\View\View->render('huesped/listar', [], true)
 5 APPPATH\Controllers\Huesped.php(23): view('huesped/listar', [...])
 6 SYSTEMPATH\CodeIgniter.php(933): App\Controllers\huesped->index()
 7 SYSTEMPATH\CodeIgniter.php(509): CodeIgniter\CodeIgniter->runController(Object(App\Controllers\huesped))
 8 SYSTEMPATH\CodeIgniter.php(355): CodeIgniter\CodeIgniter->handleRequest(null, Object(Config\Cache), false)
 9 SYSTEMPATH\Boot.php(325): CodeIgniter\CodeIgniter->run()
10 SYSTEMPATH\Boot.php(67): CodeIgniter\Boot::runCodeIgniter(Object(CodeIgniter\CodeIgniter))
11 FCPATH\index.php(56): CodeIgniter\Boot::bootWeb(Object(Config\Paths))
CRITICAL - 2024-08-22 17:49:47 --> ParseError: Unmatched '}'
[Method: GET, Route: huesped]
in APPPATH\Controllers\Huesped.php on line 133.
 1 SYSTEMPATH\Router\Router.php(563): CodeIgniter\Router\AutoRouter->getRoute('huesped', 'GET')
 2 SYSTEMPATH\Router\Router.php(228): CodeIgniter\Router\Router->autoRoute('huesped')
 3 SYSTEMPATH\CodeIgniter.php(834): CodeIgniter\Router\Router->handle('huesped')
 4 SYSTEMPATH\CodeIgniter.php(457): CodeIgniter\CodeIgniter->tryToRouteIt(Object(CodeIgniter\Router\RouteCollection))
 5 SYSTEMPATH\CodeIgniter.php(355): CodeIgniter\CodeIgniter->handleRequest(null, Object(Config\Cache), false)
 6 SYSTEMPATH\Boot.php(325): CodeIgniter\CodeIgniter->run()
 7 SYSTEMPATH\Boot.php(67): CodeIgniter\Boot::runCodeIgniter(Object(CodeIgniter\CodeIgniter))
 8 FCPATH\index.php(56): CodeIgniter\Boot::bootWeb(Object(Config\Paths))
CRITICAL - 2024-08-22 17:50:01 --> ErrorException: Undefined array key "fecha_nacimiento"
[Method: GET, Route: huesped]
in APPPATH\Controllers\Huesped.php on line 23.
 1 APPPATH\Controllers\Huesped.php(23): CodeIgniter\Debug\Exceptions->errorHandler(2, 'Undefined array key "fecha_nacimiento"', 'C:\\xampp\\htdocs\\sistema-hotel\\app\\Controllers\\Huesped.php', 23)
 2 SYSTEMPATH\CodeIgniter.php(933): App\Controllers\Huesped->index()
 3 SYSTEMPATH\CodeIgniter.php(509): CodeIgniter\CodeIgniter->runController(Object(App\Controllers\Huesped))
 4 SYSTEMPATH\CodeIgniter.php(355): CodeIgniter\CodeIgniter->handleRequest(null, Object(Config\Cache), false)
 5 SYSTEMPATH\Boot.php(325): CodeIgniter\CodeIgniter->run()
 6 SYSTEMPATH\Boot.php(67): CodeIgniter\Boot::runCodeIgniter(Object(CodeIgniter\CodeIgniter))
 7 FCPATH\index.php(56): CodeIgniter\Boot::bootWeb(Object(Config\Paths))
CRITICAL - 2024-08-22 17:52:11 --> ErrorException: Undefined variable $huesped
[Method: GET, Route: huesped]
in APPPATH\Views\huesped\listar.php on line 35.
 1 APPPATH\Views\huesped\listar.php(35): CodeIgniter\Debug\Exceptions->errorHandler(2, 'Undefined variable $huesped', 'C:\\xampp\\htdocs\\sistema-hotel\\app\\Views\\huesped\\listar.php', 35)
 2 SYSTEMPATH\View\View.php(234): include('C:\\xampp\\htdocs\\sistema-hotel\\app\\Views\\huesped\\listar.php')
 3 SYSTEMPATH\View\View.php(237): CodeIgniter\View\View->CodeIgniter\View\{closure}()
 4 SYSTEMPATH\Common.php(1169): CodeIgniter\View\View->render('huesped/listar', [], true)
 5 APPPATH\Controllers\Huesped.php(33): view('huesped/listar', [...])
 6 SYSTEMPATH\CodeIgniter.php(933): App\Controllers\Huesped->index()
 7 SYSTEMPATH\CodeIgniter.php(509): CodeIgniter\CodeIgniter->runController(Object(App\Controllers\Huesped))
 8 SYSTEMPATH\CodeIgniter.php(355): CodeIgniter\CodeIgniter->handleRequest(null, Object(Config\Cache), false)
 9 SYSTEMPATH\Boot.php(325): CodeIgniter\CodeIgniter->run()
10 SYSTEMPATH\Boot.php(67): CodeIgniter\Boot::runCodeIgniter(Object(CodeIgniter\CodeIgniter))
11 FCPATH\index.php(56): CodeIgniter\Boot::bootWeb(Object(Config\Paths))
CRITICAL - 2024-08-22 17:52:34 --> ErrorException: Undefined array key "fecha_naciiento"
[Method: GET, Route: huesped]
in APPPATH\Views\huesped\listar.php on line 41.
 1 APPPATH\Views\huesped\listar.php(41): CodeIgniter\Debug\Exceptions->errorHandler(2, 'Undefined array key "fecha_naciiento"', 'C:\\xampp\\htdocs\\sistema-hotel\\app\\Views\\huesped\\listar.php', 41)
 2 SYSTEMPATH\View\View.php(234): include('C:\\xampp\\htdocs\\sistema-hotel\\app\\Views\\huesped\\listar.php')
 3 SYSTEMPATH\View\View.php(237): CodeIgniter\View\View->CodeIgniter\View\{closure}()
 4 SYSTEMPATH\Common.php(1169): CodeIgniter\View\View->render('huesped/listar', [], true)
 5 APPPATH\Controllers\Huesped.php(33): view('huesped/listar', [...])
 6 SYSTEMPATH\CodeIgniter.php(933): App\Controllers\Huesped->index()
 7 SYSTEMPATH\CodeIgniter.php(509): CodeIgniter\CodeIgniter->runController(Object(App\Controllers\Huesped))
 8 SYSTEMPATH\CodeIgniter.php(355): CodeIgniter\CodeIgniter->handleRequest(null, Object(Config\Cache), false)
 9 SYSTEMPATH\Boot.php(325): CodeIgniter\CodeIgniter->run()
10 SYSTEMPATH\Boot.php(67): CodeIgniter\Boot::runCodeIgniter(Object(CodeIgniter\CodeIgniter))
11 FCPATH\index.php(56): CodeIgniter\Boot::bootWeb(Object(Config\Paths))
CRITICAL - 2024-08-22 17:58:43 --> ParseError: Unmatched '}'
[Method: GET, Route: huesped]
in APPPATH\Controllers\Huesped.php on line 123.
 1 SYSTEMPATH\Router\Router.php(563): CodeIgniter\Router\AutoRouter->getRoute('huesped', 'GET')
 2 SYSTEMPATH\Router\Router.php(228): CodeIgniter\Router\Router->autoRoute('huesped')
 3 SYSTEMPATH\CodeIgniter.php(834): CodeIgniter\Router\Router->handle('huesped')
 4 SYSTEMPATH\CodeIgniter.php(457): CodeIgniter\CodeIgniter->tryToRouteIt(Object(CodeIgniter\Router\RouteCollection))
 5 SYSTEMPATH\CodeIgniter.php(355): CodeIgniter\CodeIgniter->handleRequest(null, Object(Config\Cache), false)
 6 SYSTEMPATH\Boot.php(325): CodeIgniter\CodeIgniter->run()
 7 SYSTEMPATH\Boot.php(67): CodeIgniter\Boot::runCodeIgniter(Object(CodeIgniter\CodeIgniter))
 8 FCPATH\index.php(56): CodeIgniter\Boot::bootWeb(Object(Config\Paths))
ERROR - 2024-08-22 17:58:47 --> mysqli_sql_exception: Unknown column 'fecha_naciiento' in 'field list' in C:\xampp\htdocs\sistema-hotel\system\Database\MySQLi\Connection.php:312
Stack trace:
#0 C:\xampp\htdocs\sistema-hotel\system\Database\MySQLi\Connection.php(312): mysqli->query('\r\n            S...', 0)
#1 C:\xampp\htdocs\sistema-hotel\system\Database\BaseConnection.php(734): CodeIgniter\Database\MySQLi\Connection->execute('\r\n            S...')
#2 C:\xampp\htdocs\sistema-hotel\system\Database\BaseConnection.php(648): CodeIgniter\Database\BaseConnection->simpleQuery('\r\n            S...')
#3 C:\xampp\htdocs\sistema-hotel\app\Models\HuespedModel.php(19): CodeIgniter\Database\BaseConnection->query('\r\n            S...')
#4 C:\xampp\htdocs\sistema-hotel\app\Controllers\Huesped.php(19): App\Models\HuespedModel->getHuespedesConEdad()
#5 C:\xampp\htdocs\sistema-hotel\system\CodeIgniter.php(933): App\Controllers\Huesped->index()
#6 C:\xampp\htdocs\sistema-hotel\system\CodeIgniter.php(509): CodeIgniter\CodeIgniter->runController(Object(App\Controllers\Huesped))
#7 C:\xampp\htdocs\sistema-hotel\system\CodeIgniter.php(355): CodeIgniter\CodeIgniter->handleRequest(NULL, Object(Config\Cache), false)
#8 C:\xampp\htdocs\sistema-hotel\system\Boot.php(325): CodeIgniter\CodeIgniter->run()
#9 C:\xampp\htdocs\sistema-hotel\system\Boot.php(67): CodeIgniter\Boot::runCodeIgniter(Object(CodeIgniter\CodeIgniter))
#10 C:\xampp\htdocs\sistema-hotel\public\index.php(56): CodeIgniter\Boot::bootWeb(Object(Config\Paths))
#11 {main}
CRITICAL - 2024-08-22 17:58:47 --> CodeIgniter\Database\Exceptions\DatabaseException: Unknown column 'fecha_naciiento' in 'field list'
[Method: GET, Route: huesped]
in SYSTEMPATH\Database\BaseConnection.php on line 688.
 1 APPPATH\Models\HuespedModel.php(19): CodeIgniter\Database\BaseConnection->query('
            SELECT 
                id,
                nombres,
                apellidos,
                nacionalidad,
                fecha_naciiento,
                FLOOR(DATEDIFF(CURDATE(), fecha_naciiento) / 365) AS edad,
                estado_civil,
                profesion,
                tipo_documento,
                numero_documento,
                procedencia,
                estado
            FROM 
                huesped
            WHERE 
                estado = 1
        ')
 2 APPPATH\Controllers\Huesped.php(19): App\Models\HuespedModel->getHuespedesConEdad()
 3 SYSTEMPATH\CodeIgniter.php(933): App\Controllers\Huesped->index()
 4 SYSTEMPATH\CodeIgniter.php(509): CodeIgniter\CodeIgniter->runController(Object(App\Controllers\Huesped))
 5 SYSTEMPATH\CodeIgniter.php(355): CodeIgniter\CodeIgniter->handleRequest(null, Object(Config\Cache), false)
 6 SYSTEMPATH\Boot.php(325): CodeIgniter\CodeIgniter->run()
 7 SYSTEMPATH\Boot.php(67): CodeIgniter\Boot::runCodeIgniter(Object(CodeIgniter\CodeIgniter))
 8 FCPATH\index.php(56): CodeIgniter\Boot::bootWeb(Object(Config\Paths))
CRITICAL - 2024-08-22 17:58:47 --> [Caused by] CodeIgniter\Database\Exceptions\DatabaseException: Unknown column 'fecha_naciiento' in 'field list'
in SYSTEMPATH\Database\MySQLi\Connection.php on line 317.
 1 SYSTEMPATH\Database\BaseConnection.php(734): CodeIgniter\Database\MySQLi\Connection->execute('
            SELECT 
                id,
                nombres,
                apellidos,
                nacionalidad,
                fecha_naciiento,
                FLOOR(DATEDIFF(CURDATE(), fecha_naciiento) / 365) AS edad,
                estado_civil,
                profesion,
                tipo_documento,
                numero_documento,
                procedencia,
                estado
            FROM 
                huesped
            WHERE 
                estado = 1
        ')
 2 SYSTEMPATH\Database\BaseConnection.php(648): CodeIgniter\Database\BaseConnection->simpleQuery('
            SELECT 
                id,
                nombres,
                apellidos,
                nacionalidad,
                fecha_naciiento,
                FLOOR(DATEDIFF(CURDATE(), fecha_naciiento) / 365) AS edad,
                estado_civil,
                profesion,
                tipo_documento,
                numero_documento,
                procedencia,
                estado
            FROM 
                huesped
            WHERE 
                estado = 1
        ')
 3 APPPATH\Models\HuespedModel.php(19): CodeIgniter\Database\BaseConnection->query('
            SELECT 
                id,
                nombres,
                apellidos,
                nacionalidad,
                fecha_naciiento,
                FLOOR(DATEDIFF(CURDATE(), fecha_naciiento) / 365) AS edad,
                estado_civil,
                profesion,
                tipo_documento,
                numero_documento,
                procedencia,
                estado
            FROM 
                huesped
            WHERE 
                estado = 1
        ')
 4 APPPATH\Controllers\Huesped.php(19): App\Models\HuespedModel->getHuespedesConEdad()
 5 SYSTEMPATH\CodeIgniter.php(933): App\Controllers\Huesped->index()
 6 SYSTEMPATH\CodeIgniter.php(509): CodeIgniter\CodeIgniter->runController(Object(App\Controllers\Huesped))
 7 SYSTEMPATH\CodeIgniter.php(355): CodeIgniter\CodeIgniter->handleRequest(null, Object(Config\Cache), false)
 8 SYSTEMPATH\Boot.php(325): CodeIgniter\CodeIgniter->run()
 9 SYSTEMPATH\Boot.php(67): CodeIgniter\Boot::runCodeIgniter(Object(CodeIgniter\CodeIgniter))
10 FCPATH\index.php(56): CodeIgniter\Boot::bootWeb(Object(Config\Paths))
CRITICAL - 2024-08-22 17:58:47 --> [Caused by] mysqli_sql_exception: Unknown column 'fecha_naciiento' in 'field list'
in SYSTEMPATH\Database\MySQLi\Connection.php on line 312.
 1 SYSTEMPATH\Database\MySQLi\Connection.php(312): mysqli->query('
            SELECT 
                id,
                nombres,
                apellidos,
                nacionalidad,
                fecha_naciiento,
                FLOOR(DATEDIFF(CURDATE(), fecha_naciiento) / 365) AS edad,
                estado_civil,
                profesion,
                tipo_documento,
                numero_documento,
                procedencia,
                estado
            FROM 
                huesped
            WHERE 
                estado = 1
        ', 0)
 2 SYSTEMPATH\Database\BaseConnection.php(734): CodeIgniter\Database\MySQLi\Connection->execute('
            SELECT 
                id,
                nombres,
                apellidos,
                nacionalidad,
                fecha_naciiento,
                FLOOR(DATEDIFF(CURDATE(), fecha_naciiento) / 365) AS edad,
                estado_civil,
                profesion,
                tipo_documento,
                numero_documento,
                procedencia,
                estado
            FROM 
                huesped
            WHERE 
                estado = 1
        ')
 3 SYSTEMPATH\Database\BaseConnection.php(648): CodeIgniter\Database\BaseConnection->simpleQuery('
            SELECT 
                id,
                nombres,
                apellidos,
                nacionalidad,
                fecha_naciiento,
                FLOOR(DATEDIFF(CURDATE(), fecha_naciiento) / 365) AS edad,
                estado_civil,
                profesion,
                tipo_documento,
                numero_documento,
                procedencia,
                estado
            FROM 
                huesped
            WHERE 
                estado = 1
        ')
 4 APPPATH\Models\HuespedModel.php(19): CodeIgniter\Database\BaseConnection->query('
            SELECT 
                id,
                nombres,
                apellidos,
                nacionalidad,
                fecha_naciiento,
                FLOOR(DATEDIFF(CURDATE(), fecha_naciiento) / 365) AS edad,
                estado_civil,
                profesion,
                tipo_documento,
                numero_documento,
                procedencia,
                estado
            FROM 
                huesped
            WHERE 
                estado = 1
        ')
 5 APPPATH\Controllers\Huesped.php(19): App\Models\HuespedModel->getHuespedesConEdad()
 6 SYSTEMPATH\CodeIgniter.php(933): App\Controllers\Huesped->index()
 7 SYSTEMPATH\CodeIgniter.php(509): CodeIgniter\CodeIgniter->runController(Object(App\Controllers\Huesped))
 8 SYSTEMPATH\CodeIgniter.php(355): CodeIgniter\CodeIgniter->handleRequest(null, Object(Config\Cache), false)
 9 SYSTEMPATH\Boot.php(325): CodeIgniter\CodeIgniter->run()
10 SYSTEMPATH\Boot.php(67): CodeIgniter\Boot::runCodeIgniter(Object(CodeIgniter\CodeIgniter))
11 FCPATH\index.php(56): CodeIgniter\Boot::bootWeb(Object(Config\Paths))
ERROR - 2024-08-22 17:59:09 --> mysqli_sql_exception: Unknown column 'fecha_naciiento' in 'field list' in C:\xampp\htdocs\sistema-hotel\system\Database\MySQLi\Connection.php:312
Stack trace:
#0 C:\xampp\htdocs\sistema-hotel\system\Database\MySQLi\Connection.php(312): mysqli->query('\r\n            S...', 0)
#1 C:\xampp\htdocs\sistema-hotel\system\Database\BaseConnection.php(734): CodeIgniter\Database\MySQLi\Connection->execute('\r\n            S...')
#2 C:\xampp\htdocs\sistema-hotel\system\Database\BaseConnection.php(648): CodeIgniter\Database\BaseConnection->simpleQuery('\r\n            S...')
#3 C:\xampp\htdocs\sistema-hotel\app\Models\HuespedModel.php(19): CodeIgniter\Database\BaseConnection->query('\r\n            S...')
#4 C:\xampp\htdocs\sistema-hotel\app\Controllers\Huesped.php(19): App\Models\HuespedModel->getHuespedesConEdad()
#5 C:\xampp\htdocs\sistema-hotel\system\CodeIgniter.php(933): App\Controllers\Huesped->index()
#6 C:\xampp\htdocs\sistema-hotel\system\CodeIgniter.php(509): CodeIgniter\CodeIgniter->runController(Object(App\Controllers\Huesped))
#7 C:\xampp\htdocs\sistema-hotel\system\CodeIgniter.php(355): CodeIgniter\CodeIgniter->handleRequest(NULL, Object(Config\Cache), false)
#8 C:\xampp\htdocs\sistema-hotel\system\Boot.php(325): CodeIgniter\CodeIgniter->run()
#9 C:\xampp\htdocs\sistema-hotel\system\Boot.php(67): CodeIgniter\Boot::runCodeIgniter(Object(CodeIgniter\CodeIgniter))
#10 C:\xampp\htdocs\sistema-hotel\public\index.php(56): CodeIgniter\Boot::bootWeb(Object(Config\Paths))
#11 {main}
CRITICAL - 2024-08-22 17:59:09 --> CodeIgniter\Database\Exceptions\DatabaseException: Unknown column 'fecha_naciiento' in 'field list'
[Method: GET, Route: huesped]
in SYSTEMPATH\Database\BaseConnection.php on line 688.
 1 APPPATH\Models\HuespedModel.php(19): CodeIgniter\Database\BaseConnection->query('
            SELECT 
                id,
                nombres,
                apellidos,
                nacionalidad,
                fecha_naciiento,
                FLOOR(DATEDIFF(CURDATE(), fecha_nacimiento) / 365) AS edad,
                estado_civil,
                profesion,
                tipo_documento,
                numero_documento,
                procedencia,
                estado
            FROM 
                huesped
            WHERE 
                estado = 1
        ')
 2 APPPATH\Controllers\Huesped.php(19): App\Models\HuespedModel->getHuespedesConEdad()
 3 SYSTEMPATH\CodeIgniter.php(933): App\Controllers\Huesped->index()
 4 SYSTEMPATH\CodeIgniter.php(509): CodeIgniter\CodeIgniter->runController(Object(App\Controllers\Huesped))
 5 SYSTEMPATH\CodeIgniter.php(355): CodeIgniter\CodeIgniter->handleRequest(null, Object(Config\Cache), false)
 6 SYSTEMPATH\Boot.php(325): CodeIgniter\CodeIgniter->run()
 7 SYSTEMPATH\Boot.php(67): CodeIgniter\Boot::runCodeIgniter(Object(CodeIgniter\CodeIgniter))
 8 FCPATH\index.php(56): CodeIgniter\Boot::bootWeb(Object(Config\Paths))
CRITICAL - 2024-08-22 17:59:09 --> [Caused by] CodeIgniter\Database\Exceptions\DatabaseException: Unknown column 'fecha_naciiento' in 'field list'
in SYSTEMPATH\Database\MySQLi\Connection.php on line 317.
 1 SYSTEMPATH\Database\BaseConnection.php(734): CodeIgniter\Database\MySQLi\Connection->execute('
            SELECT 
                id,
                nombres,
                apellidos,
                nacionalidad,
                fecha_naciiento,
                FLOOR(DATEDIFF(CURDATE(), fecha_nacimiento) / 365) AS edad,
                estado_civil,
                profesion,
                tipo_documento,
                numero_documento,
                procedencia,
                estado
            FROM 
                huesped
            WHERE 
                estado = 1
        ')
 2 SYSTEMPATH\Database\BaseConnection.php(648): CodeIgniter\Database\BaseConnection->simpleQuery('
            SELECT 
                id,
                nombres,
                apellidos,
                nacionalidad,
                fecha_naciiento,
                FLOOR(DATEDIFF(CURDATE(), fecha_nacimiento) / 365) AS edad,
                estado_civil,
                profesion,
                tipo_documento,
                numero_documento,
                procedencia,
                estado
            FROM 
                huesped
            WHERE 
                estado = 1
        ')
 3 APPPATH\Models\HuespedModel.php(19): CodeIgniter\Database\BaseConnection->query('
            SELECT 
                id,
                nombres,
                apellidos,
                nacionalidad,
                fecha_naciiento,
                FLOOR(DATEDIFF(CURDATE(), fecha_nacimiento) / 365) AS edad,
                estado_civil,
                profesion,
                tipo_documento,
                numero_documento,
                procedencia,
                estado
            FROM 
                huesped
            WHERE 
                estado = 1
        ')
 4 APPPATH\Controllers\Huesped.php(19): App\Models\HuespedModel->getHuespedesConEdad()
 5 SYSTEMPATH\CodeIgniter.php(933): App\Controllers\Huesped->index()
 6 SYSTEMPATH\CodeIgniter.php(509): CodeIgniter\CodeIgniter->runController(Object(App\Controllers\Huesped))
 7 SYSTEMPATH\CodeIgniter.php(355): CodeIgniter\CodeIgniter->handleRequest(null, Object(Config\Cache), false)
 8 SYSTEMPATH\Boot.php(325): CodeIgniter\CodeIgniter->run()
 9 SYSTEMPATH\Boot.php(67): CodeIgniter\Boot::runCodeIgniter(Object(CodeIgniter\CodeIgniter))
10 FCPATH\index.php(56): CodeIgniter\Boot::bootWeb(Object(Config\Paths))
CRITICAL - 2024-08-22 17:59:09 --> [Caused by] mysqli_sql_exception: Unknown column 'fecha_naciiento' in 'field list'
in SYSTEMPATH\Database\MySQLi\Connection.php on line 312.
 1 SYSTEMPATH\Database\MySQLi\Connection.php(312): mysqli->query('
            SELECT 
                id,
                nombres,
                apellidos,
                nacionalidad,
                fecha_naciiento,
                FLOOR(DATEDIFF(CURDATE(), fecha_nacimiento) / 365) AS edad,
                estado_civil,
                profesion,
                tipo_documento,
                numero_documento,
                procedencia,
                estado
            FROM 
                huesped
            WHERE 
                estado = 1
        ', 0)
 2 SYSTEMPATH\Database\BaseConnection.php(734): CodeIgniter\Database\MySQLi\Connection->execute('
            SELECT 
                id,
                nombres,
                apellidos,
                nacionalidad,
                fecha_naciiento,
                FLOOR(DATEDIFF(CURDATE(), fecha_nacimiento) / 365) AS edad,
                estado_civil,
                profesion,
                tipo_documento,
                numero_documento,
                procedencia,
                estado
            FROM 
                huesped
            WHERE 
                estado = 1
        ')
 3 SYSTEMPATH\Database\BaseConnection.php(648): CodeIgniter\Database\BaseConnection->simpleQuery('
            SELECT 
                id,
                nombres,
                apellidos,
                nacionalidad,
                fecha_naciiento,
                FLOOR(DATEDIFF(CURDATE(), fecha_nacimiento) / 365) AS edad,
                estado_civil,
                profesion,
                tipo_documento,
                numero_documento,
                procedencia,
                estado
            FROM 
                huesped
            WHERE 
                estado = 1
        ')
 4 APPPATH\Models\HuespedModel.php(19): CodeIgniter\Database\BaseConnection->query('
            SELECT 
                id,
                nombres,
                apellidos,
                nacionalidad,
                fecha_naciiento,
                FLOOR(DATEDIFF(CURDATE(), fecha_nacimiento) / 365) AS edad,
                estado_civil,
                profesion,
                tipo_documento,
                numero_documento,
                procedencia,
                estado
            FROM 
                huesped
            WHERE 
                estado = 1
        ')
 5 APPPATH\Controllers\Huesped.php(19): App\Models\HuespedModel->getHuespedesConEdad()
 6 SYSTEMPATH\CodeIgniter.php(933): App\Controllers\Huesped->index()
 7 SYSTEMPATH\CodeIgniter.php(509): CodeIgniter\CodeIgniter->runController(Object(App\Controllers\Huesped))
 8 SYSTEMPATH\CodeIgniter.php(355): CodeIgniter\CodeIgniter->handleRequest(null, Object(Config\Cache), false)
 9 SYSTEMPATH\Boot.php(325): CodeIgniter\CodeIgniter->run()
10 SYSTEMPATH\Boot.php(67): CodeIgniter\Boot::runCodeIgniter(Object(CodeIgniter\CodeIgniter))
11 FCPATH\index.php(56): CodeIgniter\Boot::bootWeb(Object(Config\Paths))
ERROR - 2024-08-22 18:00:57 --> mysqli_sql_exception: Unknown column 'fecha_naciiento' in 'field list' in C:\xampp\htdocs\sistema-hotel\system\Database\MySQLi\Connection.php:312
Stack trace:
#0 C:\xampp\htdocs\sistema-hotel\system\Database\MySQLi\Connection.php(312): mysqli->query('\r\n            S...', 0)
#1 C:\xampp\htdocs\sistema-hotel\system\Database\BaseConnection.php(734): CodeIgniter\Database\MySQLi\Connection->execute('\r\n            S...')
#2 C:\xampp\htdocs\sistema-hotel\system\Database\BaseConnection.php(648): CodeIgniter\Database\BaseConnection->simpleQuery('\r\n            S...')
#3 C:\xampp\htdocs\sistema-hotel\app\Models\HuespedModel.php(19): CodeIgniter\Database\BaseConnection->query('\r\n            S...')
#4 C:\xampp\htdocs\sistema-hotel\app\Controllers\Huesped.php(19): App\Models\HuespedModel->getHuespedesConEdad()
#5 C:\xampp\htdocs\sistema-hotel\system\CodeIgniter.php(933): App\Controllers\Huesped->index()
#6 C:\xampp\htdocs\sistema-hotel\system\CodeIgniter.php(509): CodeIgniter\CodeIgniter->runController(Object(App\Controllers\Huesped))
#7 C:\xampp\htdocs\sistema-hotel\system\CodeIgniter.php(355): CodeIgniter\CodeIgniter->handleRequest(NULL, Object(Config\Cache), false)
#8 C:\xampp\htdocs\sistema-hotel\system\Boot.php(325): CodeIgniter\CodeIgniter->run()
#9 C:\xampp\htdocs\sistema-hotel\system\Boot.php(67): CodeIgniter\Boot::runCodeIgniter(Object(CodeIgniter\CodeIgniter))
#10 C:\xampp\htdocs\sistema-hotel\public\index.php(56): CodeIgniter\Boot::bootWeb(Object(Config\Paths))
#11 {main}
CRITICAL - 2024-08-22 18:00:57 --> CodeIgniter\Database\Exceptions\DatabaseException: Unknown column 'fecha_naciiento' in 'field list'
[Method: GET, Route: huesped]
in SYSTEMPATH\Database\BaseConnection.php on line 688.
 1 APPPATH\Models\HuespedModel.php(19): CodeIgniter\Database\BaseConnection->query('
            SELECT 
    id,
    nombres,
    apellidos,
    nacionalidad,
    fecha_naciiento,
    TIMESTAMPDIFF(YEAR, fecha_naciiento, CURDATE()) AS edad,
    estado_civil,
    profesion,
    tipo_documento,
    numero_documento,
    procedencia,
    estado
FROM 
    huesped
WHERE 
    estado = 1;

        ')
 2 APPPATH\Controllers\Huesped.php(19): App\Models\HuespedModel->getHuespedesConEdad()
 3 SYSTEMPATH\CodeIgniter.php(933): App\Controllers\Huesped->index()
 4 SYSTEMPATH\CodeIgniter.php(509): CodeIgniter\CodeIgniter->runController(Object(App\Controllers\Huesped))
 5 SYSTEMPATH\CodeIgniter.php(355): CodeIgniter\CodeIgniter->handleRequest(null, Object(Config\Cache), false)
 6 SYSTEMPATH\Boot.php(325): CodeIgniter\CodeIgniter->run()
 7 SYSTEMPATH\Boot.php(67): CodeIgniter\Boot::runCodeIgniter(Object(CodeIgniter\CodeIgniter))
 8 FCPATH\index.php(56): CodeIgniter\Boot::bootWeb(Object(Config\Paths))
CRITICAL - 2024-08-22 18:00:57 --> [Caused by] CodeIgniter\Database\Exceptions\DatabaseException: Unknown column 'fecha_naciiento' in 'field list'
in SYSTEMPATH\Database\MySQLi\Connection.php on line 317.
 1 SYSTEMPATH\Database\BaseConnection.php(734): CodeIgniter\Database\MySQLi\Connection->execute('
            SELECT 
    id,
    nombres,
    apellidos,
    nacionalidad,
    fecha_naciiento,
    TIMESTAMPDIFF(YEAR, fecha_naciiento, CURDATE()) AS edad,
    estado_civil,
    profesion,
    tipo_documento,
    numero_documento,
    procedencia,
    estado
FROM 
    huesped
WHERE 
    estado = 1;

        ')
 2 SYSTEMPATH\Database\BaseConnection.php(648): CodeIgniter\Database\BaseConnection->simpleQuery('
            SELECT 
    id,
    nombres,
    apellidos,
    nacionalidad,
    fecha_naciiento,
    TIMESTAMPDIFF(YEAR, fecha_naciiento, CURDATE()) AS edad,
    estado_civil,
    profesion,
    tipo_documento,
    numero_documento,
    procedencia,
    estado
FROM 
    huesped
WHERE 
    estado = 1;

        ')
 3 APPPATH\Models\HuespedModel.php(19): CodeIgniter\Database\BaseConnection->query('
            SELECT 
    id,
    nombres,
    apellidos,
    nacionalidad,
    fecha_naciiento,
    TIMESTAMPDIFF(YEAR, fecha_naciiento, CURDATE()) AS edad,
    estado_civil,
    profesion,
    tipo_documento,
    numero_documento,
    procedencia,
    estado
FROM 
    huesped
WHERE 
    estado = 1;

        ')
 4 APPPATH\Controllers\Huesped.php(19): App\Models\HuespedModel->getHuespedesConEdad()
 5 SYSTEMPATH\CodeIgniter.php(933): App\Controllers\Huesped->index()
 6 SYSTEMPATH\CodeIgniter.php(509): CodeIgniter\CodeIgniter->runController(Object(App\Controllers\Huesped))
 7 SYSTEMPATH\CodeIgniter.php(355): CodeIgniter\CodeIgniter->handleRequest(null, Object(Config\Cache), false)
 8 SYSTEMPATH\Boot.php(325): CodeIgniter\CodeIgniter->run()
 9 SYSTEMPATH\Boot.php(67): CodeIgniter\Boot::runCodeIgniter(Object(CodeIgniter\CodeIgniter))
10 FCPATH\index.php(56): CodeIgniter\Boot::bootWeb(Object(Config\Paths))
CRITICAL - 2024-08-22 18:00:57 --> [Caused by] mysqli_sql_exception: Unknown column 'fecha_naciiento' in 'field list'
in SYSTEMPATH\Database\MySQLi\Connection.php on line 312.
 1 SYSTEMPATH\Database\MySQLi\Connection.php(312): mysqli->query('
            SELECT 
    id,
    nombres,
    apellidos,
    nacionalidad,
    fecha_naciiento,
    TIMESTAMPDIFF(YEAR, fecha_naciiento, CURDATE()) AS edad,
    estado_civil,
    profesion,
    tipo_documento,
    numero_documento,
    procedencia,
    estado
FROM 
    huesped
WHERE 
    estado = 1;

        ', 0)
 2 SYSTEMPATH\Database\BaseConnection.php(734): CodeIgniter\Database\MySQLi\Connection->execute('
            SELECT 
    id,
    nombres,
    apellidos,
    nacionalidad,
    fecha_naciiento,
    TIMESTAMPDIFF(YEAR, fecha_naciiento, CURDATE()) AS edad,
    estado_civil,
    profesion,
    tipo_documento,
    numero_documento,
    procedencia,
    estado
FROM 
    huesped
WHERE 
    estado = 1;

        ')
 3 SYSTEMPATH\Database\BaseConnection.php(648): CodeIgniter\Database\BaseConnection->simpleQuery('
            SELECT 
    id,
    nombres,
    apellidos,
    nacionalidad,
    fecha_naciiento,
    TIMESTAMPDIFF(YEAR, fecha_naciiento, CURDATE()) AS edad,
    estado_civil,
    profesion,
    tipo_documento,
    numero_documento,
    procedencia,
    estado
FROM 
    huesped
WHERE 
    estado = 1;

        ')
 4 APPPATH\Models\HuespedModel.php(19): CodeIgniter\Database\BaseConnection->query('
            SELECT 
    id,
    nombres,
    apellidos,
    nacionalidad,
    fecha_naciiento,
    TIMESTAMPDIFF(YEAR, fecha_naciiento, CURDATE()) AS edad,
    estado_civil,
    profesion,
    tipo_documento,
    numero_documento,
    procedencia,
    estado
FROM 
    huesped
WHERE 
    estado = 1;

        ')
 5 APPPATH\Controllers\Huesped.php(19): App\Models\HuespedModel->getHuespedesConEdad()
 6 SYSTEMPATH\CodeIgniter.php(933): App\Controllers\Huesped->index()
 7 SYSTEMPATH\CodeIgniter.php(509): CodeIgniter\CodeIgniter->runController(Object(App\Controllers\Huesped))
 8 SYSTEMPATH\CodeIgniter.php(355): CodeIgniter\CodeIgniter->handleRequest(null, Object(Config\Cache), false)
 9 SYSTEMPATH\Boot.php(325): CodeIgniter\CodeIgniter->run()
10 SYSTEMPATH\Boot.php(67): CodeIgniter\Boot::runCodeIgniter(Object(CodeIgniter\CodeIgniter))
11 FCPATH\index.php(56): CodeIgniter\Boot::bootWeb(Object(Config\Paths))
CRITICAL - 2024-08-22 18:01:44 --> ErrorException: Undefined array key "fecha_nacimiento"
[Method: GET, Route: huesped]
in APPPATH\Views\huesped\listar.php on line 41.
 1 APPPATH\Views\huesped\listar.php(41): CodeIgniter\Debug\Exceptions->errorHandler(2, 'Undefined array key "fecha_nacimiento"', 'C:\\xampp\\htdocs\\sistema-hotel\\app\\Views\\huesped\\listar.php', 41)
 2 SYSTEMPATH\View\View.php(234): include('C:\\xampp\\htdocs\\sistema-hotel\\app\\Views\\huesped\\listar.php')
 3 SYSTEMPATH\View\View.php(237): CodeIgniter\View\View->CodeIgniter\View\{closure}()
 4 SYSTEMPATH\Common.php(1169): CodeIgniter\View\View->render('huesped/listar', [], true)
 5 APPPATH\Controllers\Huesped.php(24): view('huesped/listar', [...])
 6 SYSTEMPATH\CodeIgniter.php(933): App\Controllers\Huesped->index()
 7 SYSTEMPATH\CodeIgniter.php(509): CodeIgniter\CodeIgniter->runController(Object(App\Controllers\Huesped))
 8 SYSTEMPATH\CodeIgniter.php(355): CodeIgniter\CodeIgniter->handleRequest(null, Object(Config\Cache), false)
 9 SYSTEMPATH\Boot.php(325): CodeIgniter\CodeIgniter->run()
10 SYSTEMPATH\Boot.php(67): CodeIgniter\Boot::runCodeIgniter(Object(CodeIgniter\CodeIgniter))
11 FCPATH\index.php(56): CodeIgniter\Boot::bootWeb(Object(Config\Paths))
CRITICAL - 2024-08-22 18:04:19 --> ErrorException: Undefined array key "estado_civil"
[Method: GET, Route: huesped]
in APPPATH\Views\huesped\listar.php on line 42.
 1 APPPATH\Views\huesped\listar.php(42): CodeIgniter\Debug\Exceptions->errorHandler(2, 'Undefined array key "estado_civil"', 'C:\\xampp\\htdocs\\sistema-hotel\\app\\Views\\huesped\\listar.php', 42)
 2 SYSTEMPATH\View\View.php(234): include('C:\\xampp\\htdocs\\sistema-hotel\\app\\Views\\huesped\\listar.php')
 3 SYSTEMPATH\View\View.php(237): CodeIgniter\View\View->CodeIgniter\View\{closure}()
 4 SYSTEMPATH\Common.php(1169): CodeIgniter\View\View->render('huesped/listar', [], true)
 5 APPPATH\Controllers\Huesped.php(24): view('huesped/listar', [...])
 6 SYSTEMPATH\CodeIgniter.php(933): App\Controllers\Huesped->index()
 7 SYSTEMPATH\CodeIgniter.php(509): CodeIgniter\CodeIgniter->runController(Object(App\Controllers\Huesped))
 8 SYSTEMPATH\CodeIgniter.php(355): CodeIgniter\CodeIgniter->handleRequest(null, Object(Config\Cache), false)
 9 SYSTEMPATH\Boot.php(325): CodeIgniter\CodeIgniter->run()
10 SYSTEMPATH\Boot.php(67): CodeIgniter\Boot::runCodeIgniter(Object(CodeIgniter\CodeIgniter))
11 FCPATH\index.php(56): CodeIgniter\Boot::bootWeb(Object(Config\Paths))
CRITICAL - 2024-08-22 18:04:44 --> ErrorException: Undefined array key "estado_civil"
[Method: GET, Route: huesped]
in APPPATH\Views\huesped\listar.php on line 42.
 1 APPPATH\Views\huesped\listar.php(42): CodeIgniter\Debug\Exceptions->errorHandler(2, 'Undefined array key "estado_civil"', 'C:\\xampp\\htdocs\\sistema-hotel\\app\\Views\\huesped\\listar.php', 42)
 2 SYSTEMPATH\View\View.php(234): include('C:\\xampp\\htdocs\\sistema-hotel\\app\\Views\\huesped\\listar.php')
 3 SYSTEMPATH\View\View.php(237): CodeIgniter\View\View->CodeIgniter\View\{closure}()
 4 SYSTEMPATH\Common.php(1169): CodeIgniter\View\View->render('huesped/listar', [], true)
 5 APPPATH\Controllers\Huesped.php(24): view('huesped/listar', [...])
 6 SYSTEMPATH\CodeIgniter.php(933): App\Controllers\Huesped->index()
 7 SYSTEMPATH\CodeIgniter.php(509): CodeIgniter\CodeIgniter->runController(Object(App\Controllers\Huesped))
 8 SYSTEMPATH\CodeIgniter.php(355): CodeIgniter\CodeIgniter->handleRequest(null, Object(Config\Cache), false)
 9 SYSTEMPATH\Boot.php(325): CodeIgniter\CodeIgniter->run()
10 SYSTEMPATH\Boot.php(67): CodeIgniter\Boot::runCodeIgniter(Object(CodeIgniter\CodeIgniter))
11 FCPATH\index.php(56): CodeIgniter\Boot::bootWeb(Object(Config\Paths))
CRITICAL - 2024-08-22 18:05:20 --> ErrorException: Undefined array key "estado_civil"
[Method: GET, Route: huesped]
in APPPATH\Views\huesped\listar.php on line 42.
 1 APPPATH\Views\huesped\listar.php(42): CodeIgniter\Debug\Exceptions->errorHandler(2, 'Undefined array key "estado_civil"', 'C:\\xampp\\htdocs\\sistema-hotel\\app\\Views\\huesped\\listar.php', 42)
 2 SYSTEMPATH\View\View.php(234): include('C:\\xampp\\htdocs\\sistema-hotel\\app\\Views\\huesped\\listar.php')
 3 SYSTEMPATH\View\View.php(237): CodeIgniter\View\View->CodeIgniter\View\{closure}()
 4 SYSTEMPATH\Common.php(1169): CodeIgniter\View\View->render('huesped/listar', [], true)
 5 APPPATH\Controllers\Huesped.php(24): view('huesped/listar', [...])
 6 SYSTEMPATH\CodeIgniter.php(933): App\Controllers\Huesped->index()
 7 SYSTEMPATH\CodeIgniter.php(509): CodeIgniter\CodeIgniter->runController(Object(App\Controllers\Huesped))
 8 SYSTEMPATH\CodeIgniter.php(355): CodeIgniter\CodeIgniter->handleRequest(null, Object(Config\Cache), false)
 9 SYSTEMPATH\Boot.php(325): CodeIgniter\CodeIgniter->run()
10 SYSTEMPATH\Boot.php(67): CodeIgniter\Boot::runCodeIgniter(Object(CodeIgniter\CodeIgniter))
11 FCPATH\index.php(56): CodeIgniter\Boot::bootWeb(Object(Config\Paths))
CRITICAL - 2024-08-22 20:51:00 --> ErrorException: Undefined array key "estado_civil"
[Method: GET, Route: huesped]
in APPPATH\Views\huesped\listar.php on line 42.
 1 APPPATH\Views\huesped\listar.php(42): CodeIgniter\Debug\Exceptions->errorHandler(2, 'Undefined array key "estado_civil"', 'C:\\xampp\\htdocs\\sistema-hotel\\app\\Views\\huesped\\listar.php', 42)
 2 SYSTEMPATH\View\View.php(234): include('C:\\xampp\\htdocs\\sistema-hotel\\app\\Views\\huesped\\listar.php')
 3 SYSTEMPATH\View\View.php(237): CodeIgniter\View\View->CodeIgniter\View\{closure}()
 4 SYSTEMPATH\Common.php(1169): CodeIgniter\View\View->render('huesped/listar', [], true)
 5 APPPATH\Controllers\Huesped.php(24): view('huesped/listar', [...])
 6 SYSTEMPATH\CodeIgniter.php(933): App\Controllers\Huesped->index()
 7 SYSTEMPATH\CodeIgniter.php(509): CodeIgniter\CodeIgniter->runController(Object(App\Controllers\Huesped))
 8 SYSTEMPATH\CodeIgniter.php(355): CodeIgniter\CodeIgniter->handleRequest(null, Object(Config\Cache), false)
 9 SYSTEMPATH\Boot.php(325): CodeIgniter\CodeIgniter->run()
10 SYSTEMPATH\Boot.php(67): CodeIgniter\Boot::runCodeIgniter(Object(CodeIgniter\CodeIgniter))
11 FCPATH\index.php(56): CodeIgniter\Boot::bootWeb(Object(Config\Paths))
CRITICAL - 2024-08-22 21:08:25 --> ErrorException: Undefined array key "estado_civil"
[Method: GET, Route: huesped]
in APPPATH\Views\huesped\listar.php on line 42.
 1 APPPATH\Views\huesped\listar.php(42): CodeIgniter\Debug\Exceptions->errorHandler(2, 'Undefined array key "estado_civil"', 'C:\\xampp\\htdocs\\sistema-hotel\\app\\Views\\huesped\\listar.php', 42)
 2 SYSTEMPATH\View\View.php(234): include('C:\\xampp\\htdocs\\sistema-hotel\\app\\Views\\huesped\\listar.php')
 3 SYSTEMPATH\View\View.php(237): CodeIgniter\View\View->CodeIgniter\View\{closure}()
 4 SYSTEMPATH\Common.php(1169): CodeIgniter\View\View->render('huesped/listar', [], true)
 5 APPPATH\Controllers\Huesped.php(24): view('huesped/listar', [...])
 6 SYSTEMPATH\CodeIgniter.php(933): App\Controllers\Huesped->index()
 7 SYSTEMPATH\CodeIgniter.php(509): CodeIgniter\CodeIgniter->runController(Object(App\Controllers\Huesped))
 8 SYSTEMPATH\CodeIgniter.php(355): CodeIgniter\CodeIgniter->handleRequest(null, Object(Config\Cache), false)
 9 SYSTEMPATH\Boot.php(325): CodeIgniter\CodeIgniter->run()
10 SYSTEMPATH\Boot.php(67): CodeIgniter\Boot::runCodeIgniter(Object(CodeIgniter\CodeIgniter))
11 FCPATH\index.php(56): CodeIgniter\Boot::bootWeb(Object(Config\Paths))
CRITICAL - 2024-08-22 21:10:36 --> ErrorException: Undefined array key "estado_civil"
[Method: GET, Route: huesped]
in APPPATH\Views\huesped\listar.php on line 42.
 1 APPPATH\Views\huesped\listar.php(42): CodeIgniter\Debug\Exceptions->errorHandler(2, 'Undefined array key "estado_civil"', 'C:\\xampp\\htdocs\\sistema-hotel\\app\\Views\\huesped\\listar.php', 42)
 2 SYSTEMPATH\View\View.php(234): include('C:\\xampp\\htdocs\\sistema-hotel\\app\\Views\\huesped\\listar.php')
 3 SYSTEMPATH\View\View.php(237): CodeIgniter\View\View->CodeIgniter\View\{closure}()
 4 SYSTEMPATH\Common.php(1169): CodeIgniter\View\View->render('huesped/listar', [], true)
 5 APPPATH\Controllers\Huesped.php(24): view('huesped/listar', [...])
 6 SYSTEMPATH\CodeIgniter.php(933): App\Controllers\Huesped->index()
 7 SYSTEMPATH\CodeIgniter.php(509): CodeIgniter\CodeIgniter->runController(Object(App\Controllers\Huesped))
 8 SYSTEMPATH\CodeIgniter.php(355): CodeIgniter\CodeIgniter->handleRequest(null, Object(Config\Cache), false)
 9 SYSTEMPATH\Boot.php(325): CodeIgniter\CodeIgniter->run()
10 SYSTEMPATH\Boot.php(67): CodeIgniter\Boot::runCodeIgniter(Object(CodeIgniter\CodeIgniter))
11 FCPATH\index.php(56): CodeIgniter\Boot::bootWeb(Object(Config\Paths))
CRITICAL - 2024-08-22 21:13:35 --> ErrorException: Undefined array key "estado_civil"
[Method: GET, Route: huesped]
in APPPATH\Views\huesped\listar.php on line 42.
 1 APPPATH\Views\huesped\listar.php(42): CodeIgniter\Debug\Exceptions->errorHandler(2, 'Undefined array key "estado_civil"', 'C:\\xampp\\htdocs\\sistema-hotel\\app\\Views\\huesped\\listar.php', 42)
 2 SYSTEMPATH\View\View.php(234): include('C:\\xampp\\htdocs\\sistema-hotel\\app\\Views\\huesped\\listar.php')
 3 SYSTEMPATH\View\View.php(237): CodeIgniter\View\View->CodeIgniter\View\{closure}()
 4 SYSTEMPATH\Common.php(1169): CodeIgniter\View\View->render('huesped/listar', [], true)
 5 APPPATH\Controllers\Huesped.php(24): view('huesped/listar', [...])
 6 SYSTEMPATH\CodeIgniter.php(933): App\Controllers\Huesped->index()
 7 SYSTEMPATH\CodeIgniter.php(509): CodeIgniter\CodeIgniter->runController(Object(App\Controllers\Huesped))
 8 SYSTEMPATH\CodeIgniter.php(355): CodeIgniter\CodeIgniter->handleRequest(null, Object(Config\Cache), false)
 9 SYSTEMPATH\Boot.php(325): CodeIgniter\CodeIgniter->run()
10 SYSTEMPATH\Boot.php(67): CodeIgniter\Boot::runCodeIgniter(Object(CodeIgniter\CodeIgniter))
11 FCPATH\index.php(56): CodeIgniter\Boot::bootWeb(Object(Config\Paths))
CRITICAL - 2024-08-22 21:34:48 --> ParseError: syntax error, unexpected token "*", expecting "function" or "const"
[Method: GET, Route: huesped/agregar]
in APPPATH\Controllers\Huesped.php on line 120.
 1 SYSTEMPATH\Router\Router.php(563): CodeIgniter\Router\AutoRouter->getRoute('huesped/agregar', 'GET')
 2 SYSTEMPATH\Router\Router.php(228): CodeIgniter\Router\Router->autoRoute('huesped/agregar')
 3 SYSTEMPATH\CodeIgniter.php(834): CodeIgniter\Router\Router->handle('huesped/agregar')
 4 SYSTEMPATH\CodeIgniter.php(457): CodeIgniter\CodeIgniter->tryToRouteIt(Object(CodeIgniter\Router\RouteCollection))
 5 SYSTEMPATH\CodeIgniter.php(355): CodeIgniter\CodeIgniter->handleRequest(null, Object(Config\Cache), false)
 6 SYSTEMPATH\Boot.php(325): CodeIgniter\CodeIgniter->run()
 7 SYSTEMPATH\Boot.php(67): CodeIgniter\Boot::runCodeIgniter(Object(CodeIgniter\CodeIgniter))
 8 FCPATH\index.php(56): CodeIgniter\Boot::bootWeb(Object(Config\Paths))
CRITICAL - 2024-08-22 21:46:12 --> ErrorException: Undefined variable $usuario
[Method: GET, Route: huesped/editar/5]
in APPPATH\Views\huesped\editar.php on line 7.
 1 APPPATH\Views\huesped\editar.php(7): CodeIgniter\Debug\Exceptions->errorHandler(2, 'Undefined variable $usuario', 'C:\\xampp\\htdocs\\sistema-hotel\\app\\Views\\huesped\\editar.php', 7)
 2 SYSTEMPATH\View\View.php(234): include('C:\\xampp\\htdocs\\sistema-hotel\\app\\Views\\huesped\\editar.php')
 3 SYSTEMPATH\View\View.php(237): CodeIgniter\View\View->CodeIgniter\View\{closure}()
 4 SYSTEMPATH\Common.php(1169): CodeIgniter\View\View->render('huesped/editar', [], true)
 5 APPPATH\Controllers\Huesped.php(64): view('huesped/editar', [...])
 6 SYSTEMPATH\CodeIgniter.php(933): App\Controllers\Huesped->editar('5')
 7 SYSTEMPATH\CodeIgniter.php(509): CodeIgniter\CodeIgniter->runController(Object(App\Controllers\Huesped))
 8 SYSTEMPATH\CodeIgniter.php(355): CodeIgniter\CodeIgniter->handleRequest(null, Object(Config\Cache), false)
 9 SYSTEMPATH\Boot.php(325): CodeIgniter\CodeIgniter->run()
10 SYSTEMPATH\Boot.php(67): CodeIgniter\Boot::runCodeIgniter(Object(CodeIgniter\CodeIgniter))
11 FCPATH\index.php(56): CodeIgniter\Boot::bootWeb(Object(Config\Paths))
CRITICAL - 2024-08-22 21:48:26 --> ErrorException: Undefined array key "id_huesped"
[Method: GET, Route: huesped/editar/5]
in APPPATH\Views\huesped\editar.php on line 8.
 1 APPPATH\Views\huesped\editar.php(8): CodeIgniter\Debug\Exceptions->errorHandler(2, 'Undefined array key "id_huesped"', 'C:\\xampp\\htdocs\\sistema-hotel\\app\\Views\\huesped\\editar.php', 8)
 2 SYSTEMPATH\View\View.php(234): include('C:\\xampp\\htdocs\\sistema-hotel\\app\\Views\\huesped\\editar.php')
 3 SYSTEMPATH\View\View.php(237): CodeIgniter\View\View->CodeIgniter\View\{closure}()
 4 SYSTEMPATH\Common.php(1169): CodeIgniter\View\View->render('huesped/editar', [], true)
 5 APPPATH\Controllers\Huesped.php(64): view('huesped/editar', [...])
 6 SYSTEMPATH\CodeIgniter.php(933): App\Controllers\Huesped->editar('5')
 7 SYSTEMPATH\CodeIgniter.php(509): CodeIgniter\CodeIgniter->runController(Object(App\Controllers\Huesped))
 8 SYSTEMPATH\CodeIgniter.php(355): CodeIgniter\CodeIgniter->handleRequest(null, Object(Config\Cache), false)
 9 SYSTEMPATH\Boot.php(325): CodeIgniter\CodeIgniter->run()
10 SYSTEMPATH\Boot.php(67): CodeIgniter\Boot::runCodeIgniter(Object(CodeIgniter\CodeIgniter))
11 FCPATH\index.php(56): CodeIgniter\Boot::bootWeb(Object(Config\Paths))
