ERROR - 2024-08-21 01:35:21 --> mysqli_sql_exception: Unknown column 'sueldo' in 'field list' in C:\xampp\htdocs\sistema-hotel\system\Database\MySQLi\Connection.php:312
Stack trace:
#0 C:\xampp\htdocs\sistema-hotel\system\Database\MySQLi\Connection.php(312): mysqli->query('INSERT INTO `us...', 0)
#1 C:\xampp\htdocs\sistema-hotel\system\Database\BaseConnection.php(734): CodeIgniter\Database\MySQLi\Connection->execute('INSERT INTO `us...')
#2 C:\xampp\htdocs\sistema-hotel\system\Database\BaseConnection.php(648): CodeIgniter\Database\BaseConnection->simpleQuery('INSERT INTO `us...')
#3 C:\xampp\htdocs\sistema-hotel\system\Database\BaseBuilder.php(2340): CodeIgniter\Database\BaseConnection->query('INSERT INTO `us...', Array, false)
#4 C:\xampp\htdocs\sistema-hotel\system\Model.php(394): CodeIgniter\Database\BaseBuilder->insert()
#5 C:\xampp\htdocs\sistema-hotel\system\BaseModel.php(840): CodeIgniter\Model->doInsert(Array)
#6 C:\xampp\htdocs\sistema-hotel\system\Model.php(802): CodeIgniter\BaseModel->insert(Array, false)
#7 C:\xampp\htdocs\sistema-hotel\system\BaseModel.php(751): CodeIgniter\Model->insert(Array, false)
#8 C:\xampp\htdocs\sistema-hotel\app\Controllers\Usuario.php(61): CodeIgniter\BaseModel->save(Array)
#9 C:\xampp\htdocs\sistema-hotel\system\CodeIgniter.php(933): App\Controllers\Usuario->agregarbd()
#10 C:\xampp\htdocs\sistema-hotel\system\CodeIgniter.php(509): CodeIgniter\CodeIgniter->runController(Object(App\Controllers\Usuario))
#11 C:\xampp\htdocs\sistema-hotel\system\CodeIgniter.php(355): CodeIgniter\CodeIgniter->handleRequest(NULL, Object(Config\Cache), false)
#12 C:\xampp\htdocs\sistema-hotel\system\Boot.php(325): CodeIgniter\CodeIgniter->run()
#13 C:\xampp\htdocs\sistema-hotel\system\Boot.php(67): CodeIgniter\Boot::runCodeIgniter(Object(CodeIgniter\CodeIgniter))
#14 C:\xampp\htdocs\sistema-hotel\public\index.php(56): CodeIgniter\Boot::bootWeb(Object(Config\Paths))
#15 {main}
CRITICAL - 2024-08-21 01:35:21 --> CodeIgniter\Database\Exceptions\DatabaseException: Unknown column 'sueldo' in 'field list'
[Method: POST, Route: usuario/agregarbd]
in SYSTEMPATH\Database\BaseConnection.php on line 688.
 1 SYSTEMPATH\Database\BaseBuilder.php(2340): CodeIgniter\Database\BaseConnection->query('INSERT INTO `usuario` (`nombres`, `apellido_paterno`, `apellido_materno`, `telefono`, `sueldo`, `rol`, `email`, `password`, `fecha_registro`, `fecha_actualizacion`) VALUES (:nombres:, :apellido_paterno:, :apellido_materno:, :telefono:, :sueldo:, :rol:, :email:, :password:, :fecha_registro:, :fecha_actualizacion:)', [...], false)
 2 SYSTEMPATH\Model.php(394): CodeIgniter\Database\BaseBuilder->insert()
 3 SYSTEMPATH\BaseModel.php(840): CodeIgniter\Model->doInsert([...])
 4 SYSTEMPATH\Model.php(802): CodeIgniter\BaseModel->insert([...], false)
 5 SYSTEMPATH\BaseModel.php(751): CodeIgniter\Model->insert([...], false)
 6 APPPATH\Controllers\Usuario.php(61): CodeIgniter\BaseModel->save([...])
 7 SYSTEMPATH\CodeIgniter.php(933): App\Controllers\Usuario->agregarbd()
 8 SYSTEMPATH\CodeIgniter.php(509): CodeIgniter\CodeIgniter->runController(Object(App\Controllers\Usuario))
 9 SYSTEMPATH\CodeIgniter.php(355): CodeIgniter\CodeIgniter->handleRequest(null, Object(Config\Cache), false)
10 SYSTEMPATH\Boot.php(325): CodeIgniter\CodeIgniter->run()
11 SYSTEMPATH\Boot.php(67): CodeIgniter\Boot::runCodeIgniter(Object(CodeIgniter\CodeIgniter))
12 FCPATH\index.php(56): CodeIgniter\Boot::bootWeb(Object(Config\Paths))
CRITICAL - 2024-08-21 01:35:21 --> [Caused by] CodeIgniter\Database\Exceptions\DatabaseException: Unknown column 'sueldo' in 'field list'
in SYSTEMPATH\Database\MySQLi\Connection.php on line 317.
 1 SYSTEMPATH\Database\BaseConnection.php(734): CodeIgniter\Database\MySQLi\Connection->execute('INSERT INTO `usuario` (`nombres`, `apellido_paterno`, `apellido_materno`, `telefono`, `sueldo`, `rol`, `email`, `password`, `fecha_registro`, `fecha_actualizacion`) VALUES (\'JOSE\', \'TORRES\', \'MAMANI\', \'76415956\', \'123\', \'ADMINISTRADOR\', \'torres.jose.13474@gmail.com\', \'$2y$10$lbtspk.LuBc3cnZ6J7rO1eAQzle1y.ZPOOSvUeY.yYPA5NJbhyWdC\', \'2024-08-21 01:35:21\', \'2024-08-21 01:35:21\')')
 2 SYSTEMPATH\Database\BaseConnection.php(648): CodeIgniter\Database\BaseConnection->simpleQuery('INSERT INTO `usuario` (`nombres`, `apellido_paterno`, `apellido_materno`, `telefono`, `sueldo`, `rol`, `email`, `password`, `fecha_registro`, `fecha_actualizacion`) VALUES (\'JOSE\', \'TORRES\', \'MAMANI\', \'76415956\', \'123\', \'ADMINISTRADOR\', \'torres.jose.13474@gmail.com\', \'$2y$10$lbtspk.LuBc3cnZ6J7rO1eAQzle1y.ZPOOSvUeY.yYPA5NJbhyWdC\', \'2024-08-21 01:35:21\', \'2024-08-21 01:35:21\')')
 3 SYSTEMPATH\Database\BaseBuilder.php(2340): CodeIgniter\Database\BaseConnection->query('INSERT INTO `usuario` (`nombres`, `apellido_paterno`, `apellido_materno`, `telefono`, `sueldo`, `rol`, `email`, `password`, `fecha_registro`, `fecha_actualizacion`) VALUES (:nombres:, :apellido_paterno:, :apellido_materno:, :telefono:, :sueldo:, :rol:, :email:, :password:, :fecha_registro:, :fecha_actualizacion:)', [...], false)
 4 SYSTEMPATH\Model.php(394): CodeIgniter\Database\BaseBuilder->insert()
 5 SYSTEMPATH\BaseModel.php(840): CodeIgniter\Model->doInsert([...])
 6 SYSTEMPATH\Model.php(802): CodeIgniter\BaseModel->insert([...], false)
 7 SYSTEMPATH\BaseModel.php(751): CodeIgniter\Model->insert([...], false)
 8 APPPATH\Controllers\Usuario.php(61): CodeIgniter\BaseModel->save([...])
 9 SYSTEMPATH\CodeIgniter.php(933): App\Controllers\Usuario->agregarbd()
10 SYSTEMPATH\CodeIgniter.php(509): CodeIgniter\CodeIgniter->runController(Object(App\Controllers\Usuario))
11 SYSTEMPATH\CodeIgniter.php(355): CodeIgniter\CodeIgniter->handleRequest(null, Object(Config\Cache), false)
12 SYSTEMPATH\Boot.php(325): CodeIgniter\CodeIgniter->run()
13 SYSTEMPATH\Boot.php(67): CodeIgniter\Boot::runCodeIgniter(Object(CodeIgniter\CodeIgniter))
14 FCPATH\index.php(56): CodeIgniter\Boot::bootWeb(Object(Config\Paths))
CRITICAL - 2024-08-21 01:35:21 --> [Caused by] mysqli_sql_exception: Unknown column 'sueldo' in 'field list'
in SYSTEMPATH\Database\MySQLi\Connection.php on line 312.
 1 SYSTEMPATH\Database\MySQLi\Connection.php(312): mysqli->query('INSERT INTO `usuario` (`nombres`, `apellido_paterno`, `apellido_materno`, `telefono`, `sueldo`, `rol`, `email`, `password`, `fecha_registro`, `fecha_actualizacion`) VALUES (\'JOSE\', \'TORRES\', \'MAMANI\', \'76415956\', \'123\', \'ADMINISTRADOR\', \'torres.jose.13474@gmail.com\', \'$2y$10$lbtspk.LuBc3cnZ6J7rO1eAQzle1y.ZPOOSvUeY.yYPA5NJbhyWdC\', \'2024-08-21 01:35:21\', \'2024-08-21 01:35:21\')', 0)
 2 SYSTEMPATH\Database\BaseConnection.php(734): CodeIgniter\Database\MySQLi\Connection->execute('INSERT INTO `usuario` (`nombres`, `apellido_paterno`, `apellido_materno`, `telefono`, `sueldo`, `rol`, `email`, `password`, `fecha_registro`, `fecha_actualizacion`) VALUES (\'JOSE\', \'TORRES\', \'MAMANI\', \'76415956\', \'123\', \'ADMINISTRADOR\', \'torres.jose.13474@gmail.com\', \'$2y$10$lbtspk.LuBc3cnZ6J7rO1eAQzle1y.ZPOOSvUeY.yYPA5NJbhyWdC\', \'2024-08-21 01:35:21\', \'2024-08-21 01:35:21\')')
 3 SYSTEMPATH\Database\BaseConnection.php(648): CodeIgniter\Database\BaseConnection->simpleQuery('INSERT INTO `usuario` (`nombres`, `apellido_paterno`, `apellido_materno`, `telefono`, `sueldo`, `rol`, `email`, `password`, `fecha_registro`, `fecha_actualizacion`) VALUES (\'JOSE\', \'TORRES\', \'MAMANI\', \'76415956\', \'123\', \'ADMINISTRADOR\', \'torres.jose.13474@gmail.com\', \'$2y$10$lbtspk.LuBc3cnZ6J7rO1eAQzle1y.ZPOOSvUeY.yYPA5NJbhyWdC\', \'2024-08-21 01:35:21\', \'2024-08-21 01:35:21\')')
 4 SYSTEMPATH\Database\BaseBuilder.php(2340): CodeIgniter\Database\BaseConnection->query('INSERT INTO `usuario` (`nombres`, `apellido_paterno`, `apellido_materno`, `telefono`, `sueldo`, `rol`, `email`, `password`, `fecha_registro`, `fecha_actualizacion`) VALUES (:nombres:, :apellido_paterno:, :apellido_materno:, :telefono:, :sueldo:, :rol:, :email:, :password:, :fecha_registro:, :fecha_actualizacion:)', [...], false)
 5 SYSTEMPATH\Model.php(394): CodeIgniter\Database\BaseBuilder->insert()
 6 SYSTEMPATH\BaseModel.php(840): CodeIgniter\Model->doInsert([...])
 7 SYSTEMPATH\Model.php(802): CodeIgniter\BaseModel->insert([...], false)
 8 SYSTEMPATH\BaseModel.php(751): CodeIgniter\Model->insert([...], false)
 9 APPPATH\Controllers\Usuario.php(61): CodeIgniter\BaseModel->save([...])
10 SYSTEMPATH\CodeIgniter.php(933): App\Controllers\Usuario->agregarbd()
11 SYSTEMPATH\CodeIgniter.php(509): CodeIgniter\CodeIgniter->runController(Object(App\Controllers\Usuario))
12 SYSTEMPATH\CodeIgniter.php(355): CodeIgniter\CodeIgniter->handleRequest(null, Object(Config\Cache), false)
13 SYSTEMPATH\Boot.php(325): CodeIgniter\CodeIgniter->run()
14 SYSTEMPATH\Boot.php(67): CodeIgniter\Boot::runCodeIgniter(Object(CodeIgniter\CodeIgniter))
15 FCPATH\index.php(56): CodeIgniter\Boot::bootWeb(Object(Config\Paths))
CRITICAL - 2024-08-21 01:37:11 --> ParseError: syntax error, unexpected identifier "rol", expecting "]"
[Method: GET, Route: usuario/agregar]
in APPPATH\Models\UsuarioModel.php on line 12.
 1 SYSTEMPATH\Autoloader\Autoloader.php(296): CodeIgniter\Autoloader\Autoloader->includeFile('C:\\xampp\\htdocs\\sistema-hotel\\app\\Models\\UsuarioModel.php')
 2 SYSTEMPATH\Autoloader\Autoloader.php(272): CodeIgniter\Autoloader\Autoloader->loadInNamespace('App\\Models\\UsuarioModel')
 3 APPPATH\Controllers\Usuario.php(14): CodeIgniter\Autoloader\Autoloader->loadClass('App\\Models\\UsuarioModel')
 4 SYSTEMPATH\CodeIgniter.php(903): App\Controllers\Usuario->__construct()
 5 SYSTEMPATH\CodeIgniter.php(500): CodeIgniter\CodeIgniter->createController()
 6 SYSTEMPATH\CodeIgniter.php(355): CodeIgniter\CodeIgniter->handleRequest(null, Object(Config\Cache), false)
 7 SYSTEMPATH\Boot.php(325): CodeIgniter\CodeIgniter->run()
 8 SYSTEMPATH\Boot.php(67): CodeIgniter\Boot::runCodeIgniter(Object(CodeIgniter\CodeIgniter))
 9 FCPATH\index.php(56): CodeIgniter\Boot::bootWeb(Object(Config\Paths))
ERROR - 2024-08-21 01:42:48 --> mysqli_sql_exception: Table 'bdhotel.categoria' doesn't exist in C:\xampp\htdocs\sistema-hotel\system\Database\MySQLi\Connection.php:312
Stack trace:
#0 C:\xampp\htdocs\sistema-hotel\system\Database\MySQLi\Connection.php(312): mysqli->query('SELECT `product...', 0)
#1 C:\xampp\htdocs\sistema-hotel\system\Database\BaseConnection.php(734): CodeIgniter\Database\MySQLi\Connection->execute('SELECT `product...')
#2 C:\xampp\htdocs\sistema-hotel\system\Database\BaseConnection.php(648): CodeIgniter\Database\BaseConnection->simpleQuery('SELECT `product...')
#3 C:\xampp\htdocs\sistema-hotel\system\Database\BaseBuilder.php(1644): CodeIgniter\Database\BaseConnection->query('SELECT `product...', Array, false)
#4 C:\xampp\htdocs\sistema-hotel\system\Model.php(286): CodeIgniter\Database\BaseBuilder->get()
#5 C:\xampp\htdocs\sistema-hotel\system\BaseModel.php(676): CodeIgniter\Model->doFindAll(0, 0)
#6 C:\xampp\htdocs\sistema-hotel\app\Controllers\Producto.php(26): CodeIgniter\BaseModel->findAll()
#7 C:\xampp\htdocs\sistema-hotel\system\CodeIgniter.php(933): App\Controllers\Producto->index()
#8 C:\xampp\htdocs\sistema-hotel\system\CodeIgniter.php(509): CodeIgniter\CodeIgniter->runController(Object(App\Controllers\Producto))
#9 C:\xampp\htdocs\sistema-hotel\system\CodeIgniter.php(355): CodeIgniter\CodeIgniter->handleRequest(NULL, Object(Config\Cache), false)
#10 C:\xampp\htdocs\sistema-hotel\system\Boot.php(325): CodeIgniter\CodeIgniter->run()
#11 C:\xampp\htdocs\sistema-hotel\system\Boot.php(67): CodeIgniter\Boot::runCodeIgniter(Object(CodeIgniter\CodeIgniter))
#12 C:\xampp\htdocs\sistema-hotel\public\index.php(56): CodeIgniter\Boot::bootWeb(Object(Config\Paths))
#13 {main}
CRITICAL - 2024-08-21 01:42:48 --> CodeIgniter\Database\Exceptions\DatabaseException: Table 'bdhotel.categoria' doesn't exist
[Method: GET, Route: producto]
in SYSTEMPATH\Database\BaseConnection.php on line 688.
 1 SYSTEMPATH\Database\BaseBuilder.php(1644): CodeIgniter\Database\BaseConnection->query('SELECT `producto`.*, `categoria`.`nombre` as `categoria_nombre`
FROM `producto`
JOIN `categoria` ON `producto`.`id_categoria` = `categoria`.`id`
WHERE `producto`.`estado` = :producto.estado:', [...], false)
 2 SYSTEMPATH\Model.php(286): CodeIgniter\Database\BaseBuilder->get()
 3 SYSTEMPATH\BaseModel.php(676): CodeIgniter\Model->doFindAll(0, 0)
 4 APPPATH\Controllers\Producto.php(26): CodeIgniter\BaseModel->findAll()
 5 SYSTEMPATH\CodeIgniter.php(933): App\Controllers\Producto->index()
 6 SYSTEMPATH\CodeIgniter.php(509): CodeIgniter\CodeIgniter->runController(Object(App\Controllers\Producto))
 7 SYSTEMPATH\CodeIgniter.php(355): CodeIgniter\CodeIgniter->handleRequest(null, Object(Config\Cache), false)
 8 SYSTEMPATH\Boot.php(325): CodeIgniter\CodeIgniter->run()
 9 SYSTEMPATH\Boot.php(67): CodeIgniter\Boot::runCodeIgniter(Object(CodeIgniter\CodeIgniter))
10 FCPATH\index.php(56): CodeIgniter\Boot::bootWeb(Object(Config\Paths))
CRITICAL - 2024-08-21 01:42:48 --> [Caused by] CodeIgniter\Database\Exceptions\DatabaseException: Table 'bdhotel.categoria' doesn't exist
in SYSTEMPATH\Database\MySQLi\Connection.php on line 317.
 1 SYSTEMPATH\Database\BaseConnection.php(734): CodeIgniter\Database\MySQLi\Connection->execute('SELECT `producto`.*, `categoria`.`nombre` as `categoria_nombre`
FROM `producto`
JOIN `categoria` ON `producto`.`id_categoria` = `categoria`.`id`
WHERE `producto`.`estado` = 1')
 2 SYSTEMPATH\Database\BaseConnection.php(648): CodeIgniter\Database\BaseConnection->simpleQuery('SELECT `producto`.*, `categoria`.`nombre` as `categoria_nombre`
FROM `producto`
JOIN `categoria` ON `producto`.`id_categoria` = `categoria`.`id`
WHERE `producto`.`estado` = 1')
 3 SYSTEMPATH\Database\BaseBuilder.php(1644): CodeIgniter\Database\BaseConnection->query('SELECT `producto`.*, `categoria`.`nombre` as `categoria_nombre`
FROM `producto`
JOIN `categoria` ON `producto`.`id_categoria` = `categoria`.`id`
WHERE `producto`.`estado` = :producto.estado:', [...], false)
 4 SYSTEMPATH\Model.php(286): CodeIgniter\Database\BaseBuilder->get()
 5 SYSTEMPATH\BaseModel.php(676): CodeIgniter\Model->doFindAll(0, 0)
 6 APPPATH\Controllers\Producto.php(26): CodeIgniter\BaseModel->findAll()
 7 SYSTEMPATH\CodeIgniter.php(933): App\Controllers\Producto->index()
 8 SYSTEMPATH\CodeIgniter.php(509): CodeIgniter\CodeIgniter->runController(Object(App\Controllers\Producto))
 9 SYSTEMPATH\CodeIgniter.php(355): CodeIgniter\CodeIgniter->handleRequest(null, Object(Config\Cache), false)
10 SYSTEMPATH\Boot.php(325): CodeIgniter\CodeIgniter->run()
11 SYSTEMPATH\Boot.php(67): CodeIgniter\Boot::runCodeIgniter(Object(CodeIgniter\CodeIgniter))
12 FCPATH\index.php(56): CodeIgniter\Boot::bootWeb(Object(Config\Paths))
CRITICAL - 2024-08-21 01:42:48 --> [Caused by] mysqli_sql_exception: Table 'bdhotel.categoria' doesn't exist
in SYSTEMPATH\Database\MySQLi\Connection.php on line 312.
 1 SYSTEMPATH\Database\MySQLi\Connection.php(312): mysqli->query('SELECT `producto`.*, `categoria`.`nombre` as `categoria_nombre`
FROM `producto`
JOIN `categoria` ON `producto`.`id_categoria` = `categoria`.`id`
WHERE `producto`.`estado` = 1', 0)
 2 SYSTEMPATH\Database\BaseConnection.php(734): CodeIgniter\Database\MySQLi\Connection->execute('SELECT `producto`.*, `categoria`.`nombre` as `categoria_nombre`
FROM `producto`
JOIN `categoria` ON `producto`.`id_categoria` = `categoria`.`id`
WHERE `producto`.`estado` = 1')
 3 SYSTEMPATH\Database\BaseConnection.php(648): CodeIgniter\Database\BaseConnection->simpleQuery('SELECT `producto`.*, `categoria`.`nombre` as `categoria_nombre`
FROM `producto`
JOIN `categoria` ON `producto`.`id_categoria` = `categoria`.`id`
WHERE `producto`.`estado` = 1')
 4 SYSTEMPATH\Database\BaseBuilder.php(1644): CodeIgniter\Database\BaseConnection->query('SELECT `producto`.*, `categoria`.`nombre` as `categoria_nombre`
FROM `producto`
JOIN `categoria` ON `producto`.`id_categoria` = `categoria`.`id`
WHERE `producto`.`estado` = :producto.estado:', [...], false)
 5 SYSTEMPATH\Model.php(286): CodeIgniter\Database\BaseBuilder->get()
 6 SYSTEMPATH\BaseModel.php(676): CodeIgniter\Model->doFindAll(0, 0)
 7 APPPATH\Controllers\Producto.php(26): CodeIgniter\BaseModel->findAll()
 8 SYSTEMPATH\CodeIgniter.php(933): App\Controllers\Producto->index()
 9 SYSTEMPATH\CodeIgniter.php(509): CodeIgniter\CodeIgniter->runController(Object(App\Controllers\Producto))
10 SYSTEMPATH\CodeIgniter.php(355): CodeIgniter\CodeIgniter->handleRequest(null, Object(Config\Cache), false)
11 SYSTEMPATH\Boot.php(325): CodeIgniter\CodeIgniter->run()
12 SYSTEMPATH\Boot.php(67): CodeIgniter\Boot::runCodeIgniter(Object(CodeIgniter\CodeIgniter))
13 FCPATH\index.php(56): CodeIgniter\Boot::bootWeb(Object(Config\Paths))
ERROR - 2024-08-21 01:44:18 --> mysqli_sql_exception: Table 'bdhotel.categoria' doesn't exist in C:\xampp\htdocs\sistema-hotel\system\Database\MySQLi\Connection.php:312
Stack trace:
#0 C:\xampp\htdocs\sistema-hotel\system\Database\MySQLi\Connection.php(312): mysqli->query('SELECT `product...', 0)
#1 C:\xampp\htdocs\sistema-hotel\system\Database\BaseConnection.php(734): CodeIgniter\Database\MySQLi\Connection->execute('SELECT `product...')
#2 C:\xampp\htdocs\sistema-hotel\system\Database\BaseConnection.php(648): CodeIgniter\Database\BaseConnection->simpleQuery('SELECT `product...')
#3 C:\xampp\htdocs\sistema-hotel\system\Database\BaseBuilder.php(1644): CodeIgniter\Database\BaseConnection->query('SELECT `product...', Array, false)
#4 C:\xampp\htdocs\sistema-hotel\system\Model.php(286): CodeIgniter\Database\BaseBuilder->get()
#5 C:\xampp\htdocs\sistema-hotel\system\BaseModel.php(676): CodeIgniter\Model->doFindAll(0, 0)
#6 C:\xampp\htdocs\sistema-hotel\app\Controllers\Producto.php(26): CodeIgniter\BaseModel->findAll()
#7 C:\xampp\htdocs\sistema-hotel\system\CodeIgniter.php(933): App\Controllers\Producto->index()
#8 C:\xampp\htdocs\sistema-hotel\system\CodeIgniter.php(509): CodeIgniter\CodeIgniter->runController(Object(App\Controllers\Producto))
#9 C:\xampp\htdocs\sistema-hotel\system\CodeIgniter.php(355): CodeIgniter\CodeIgniter->handleRequest(NULL, Object(Config\Cache), false)
#10 C:\xampp\htdocs\sistema-hotel\system\Boot.php(325): CodeIgniter\CodeIgniter->run()
#11 C:\xampp\htdocs\sistema-hotel\system\Boot.php(67): CodeIgniter\Boot::runCodeIgniter(Object(CodeIgniter\CodeIgniter))
#12 C:\xampp\htdocs\sistema-hotel\public\index.php(56): CodeIgniter\Boot::bootWeb(Object(Config\Paths))
#13 {main}
CRITICAL - 2024-08-21 01:44:18 --> CodeIgniter\Database\Exceptions\DatabaseException: Table 'bdhotel.categoria' doesn't exist
[Method: GET, Route: producto]
in SYSTEMPATH\Database\BaseConnection.php on line 688.
 1 SYSTEMPATH\Database\BaseBuilder.php(1644): CodeIgniter\Database\BaseConnection->query('SELECT `producto`.*, `categoria`.`nombre` as `categoria_nombre`
FROM `producto`
JOIN `categoria` ON `producto`.`id_categoria` = `categoria`.`id`
WHERE `producto`.`estado` = :producto.estado:', [...], false)
 2 SYSTEMPATH\Model.php(286): CodeIgniter\Database\BaseBuilder->get()
 3 SYSTEMPATH\BaseModel.php(676): CodeIgniter\Model->doFindAll(0, 0)
 4 APPPATH\Controllers\Producto.php(26): CodeIgniter\BaseModel->findAll()
 5 SYSTEMPATH\CodeIgniter.php(933): App\Controllers\Producto->index()
 6 SYSTEMPATH\CodeIgniter.php(509): CodeIgniter\CodeIgniter->runController(Object(App\Controllers\Producto))
 7 SYSTEMPATH\CodeIgniter.php(355): CodeIgniter\CodeIgniter->handleRequest(null, Object(Config\Cache), false)
 8 SYSTEMPATH\Boot.php(325): CodeIgniter\CodeIgniter->run()
 9 SYSTEMPATH\Boot.php(67): CodeIgniter\Boot::runCodeIgniter(Object(CodeIgniter\CodeIgniter))
10 FCPATH\index.php(56): CodeIgniter\Boot::bootWeb(Object(Config\Paths))
CRITICAL - 2024-08-21 01:44:18 --> [Caused by] CodeIgniter\Database\Exceptions\DatabaseException: Table 'bdhotel.categoria' doesn't exist
in SYSTEMPATH\Database\MySQLi\Connection.php on line 317.
 1 SYSTEMPATH\Database\BaseConnection.php(734): CodeIgniter\Database\MySQLi\Connection->execute('SELECT `producto`.*, `categoria`.`nombre` as `categoria_nombre`
FROM `producto`
JOIN `categoria` ON `producto`.`id_categoria` = `categoria`.`id`
WHERE `producto`.`estado` = 1')
 2 SYSTEMPATH\Database\BaseConnection.php(648): CodeIgniter\Database\BaseConnection->simpleQuery('SELECT `producto`.*, `categoria`.`nombre` as `categoria_nombre`
FROM `producto`
JOIN `categoria` ON `producto`.`id_categoria` = `categoria`.`id`
WHERE `producto`.`estado` = 1')
 3 SYSTEMPATH\Database\BaseBuilder.php(1644): CodeIgniter\Database\BaseConnection->query('SELECT `producto`.*, `categoria`.`nombre` as `categoria_nombre`
FROM `producto`
JOIN `categoria` ON `producto`.`id_categoria` = `categoria`.`id`
WHERE `producto`.`estado` = :producto.estado:', [...], false)
 4 SYSTEMPATH\Model.php(286): CodeIgniter\Database\BaseBuilder->get()
 5 SYSTEMPATH\BaseModel.php(676): CodeIgniter\Model->doFindAll(0, 0)
 6 APPPATH\Controllers\Producto.php(26): CodeIgniter\BaseModel->findAll()
 7 SYSTEMPATH\CodeIgniter.php(933): App\Controllers\Producto->index()
 8 SYSTEMPATH\CodeIgniter.php(509): CodeIgniter\CodeIgniter->runController(Object(App\Controllers\Producto))
 9 SYSTEMPATH\CodeIgniter.php(355): CodeIgniter\CodeIgniter->handleRequest(null, Object(Config\Cache), false)
10 SYSTEMPATH\Boot.php(325): CodeIgniter\CodeIgniter->run()
11 SYSTEMPATH\Boot.php(67): CodeIgniter\Boot::runCodeIgniter(Object(CodeIgniter\CodeIgniter))
12 FCPATH\index.php(56): CodeIgniter\Boot::bootWeb(Object(Config\Paths))
CRITICAL - 2024-08-21 01:44:18 --> [Caused by] mysqli_sql_exception: Table 'bdhotel.categoria' doesn't exist
in SYSTEMPATH\Database\MySQLi\Connection.php on line 312.
 1 SYSTEMPATH\Database\MySQLi\Connection.php(312): mysqli->query('SELECT `producto`.*, `categoria`.`nombre` as `categoria_nombre`
FROM `producto`
JOIN `categoria` ON `producto`.`id_categoria` = `categoria`.`id`
WHERE `producto`.`estado` = 1', 0)
 2 SYSTEMPATH\Database\BaseConnection.php(734): CodeIgniter\Database\MySQLi\Connection->execute('SELECT `producto`.*, `categoria`.`nombre` as `categoria_nombre`
FROM `producto`
JOIN `categoria` ON `producto`.`id_categoria` = `categoria`.`id`
WHERE `producto`.`estado` = 1')
 3 SYSTEMPATH\Database\BaseConnection.php(648): CodeIgniter\Database\BaseConnection->simpleQuery('SELECT `producto`.*, `categoria`.`nombre` as `categoria_nombre`
FROM `producto`
JOIN `categoria` ON `producto`.`id_categoria` = `categoria`.`id`
WHERE `producto`.`estado` = 1')
 4 SYSTEMPATH\Database\BaseBuilder.php(1644): CodeIgniter\Database\BaseConnection->query('SELECT `producto`.*, `categoria`.`nombre` as `categoria_nombre`
FROM `producto`
JOIN `categoria` ON `producto`.`id_categoria` = `categoria`.`id`
WHERE `producto`.`estado` = :producto.estado:', [...], false)
 5 SYSTEMPATH\Model.php(286): CodeIgniter\Database\BaseBuilder->get()
 6 SYSTEMPATH\BaseModel.php(676): CodeIgniter\Model->doFindAll(0, 0)
 7 APPPATH\Controllers\Producto.php(26): CodeIgniter\BaseModel->findAll()
 8 SYSTEMPATH\CodeIgniter.php(933): App\Controllers\Producto->index()
 9 SYSTEMPATH\CodeIgniter.php(509): CodeIgniter\CodeIgniter->runController(Object(App\Controllers\Producto))
10 SYSTEMPATH\CodeIgniter.php(355): CodeIgniter\CodeIgniter->handleRequest(null, Object(Config\Cache), false)
11 SYSTEMPATH\Boot.php(325): CodeIgniter\CodeIgniter->run()
12 SYSTEMPATH\Boot.php(67): CodeIgniter\Boot::runCodeIgniter(Object(CodeIgniter\CodeIgniter))
13 FCPATH\index.php(56): CodeIgniter\Boot::bootWeb(Object(Config\Paths))
