CRITICAL - 2024-08-26 20:00:34 --> ErrorException: Undefined variable $huespedes
[Method: GET, Route: habitacion]
in APPPATH\Views\habitacion\listar.php on line 37.
 1 APPPATH\Views\habitacion\listar.php(37): CodeIgniter\Debug\Exceptions->errorHandler(2, 'Undefined variable $huespedes', 'C:\\xampp\\htdocs\\sistema-hotel\\app\\Views\\habitacion\\listar.php', 37)
 2 SYSTEMPATH\View\View.php(234): include('C:\\xampp\\htdocs\\sistema-hotel\\app\\Views\\habitacion\\listar.php')
 3 SYSTEMPATH\View\View.php(237): CodeIgniter\View\View->CodeIgniter\View\{closure}()
 4 SYSTEMPATH\Common.php(1169): CodeIgniter\View\View->render('habitacion/listar', [], true)
 5 APPPATH\Controllers\Habitacion.php(25): view('habitacion/listar', [...])
 6 SYSTEMPATH\CodeIgniter.php(933): App\Controllers\Habitacion->index()
 7 SYSTEMPATH\CodeIgniter.php(509): CodeIgniter\CodeIgniter->runController(Object(App\Controllers\Habitacion))
 8 SYSTEMPATH\CodeIgniter.php(355): CodeIgniter\CodeIgniter->handleRequest(null, Object(Config\Cache), false)
 9 SYSTEMPATH\Boot.php(325): CodeIgniter\CodeIgniter->run()
10 SYSTEMPATH\Boot.php(67): CodeIgniter\Boot::runCodeIgniter(Object(CodeIgniter\CodeIgniter))
11 FCPATH\index.php(56): CodeIgniter\Boot::bootWeb(Object(Config\Paths))
CRITICAL - 2024-08-26 20:01:12 --> ErrorException: Undefined variable $huespedes
[Method: GET, Route: habitacion]
in APPPATH\Views\habitacion\listar.php on line 37.
 1 APPPATH\Views\habitacion\listar.php(37): CodeIgniter\Debug\Exceptions->errorHandler(2, 'Undefined variable $huespedes', 'C:\\xampp\\htdocs\\sistema-hotel\\app\\Views\\habitacion\\listar.php', 37)
 2 SYSTEMPATH\View\View.php(234): include('C:\\xampp\\htdocs\\sistema-hotel\\app\\Views\\habitacion\\listar.php')
 3 SYSTEMPATH\View\View.php(237): CodeIgniter\View\View->CodeIgniter\View\{closure}()
 4 SYSTEMPATH\Common.php(1169): CodeIgniter\View\View->render('habitacion/listar', [], true)
 5 APPPATH\Controllers\Habitacion.php(25): view('habitacion/listar', [...])
 6 SYSTEMPATH\CodeIgniter.php(933): App\Controllers\Habitacion->index()
 7 SYSTEMPATH\CodeIgniter.php(509): CodeIgniter\CodeIgniter->runController(Object(App\Controllers\Habitacion))
 8 SYSTEMPATH\CodeIgniter.php(355): CodeIgniter\CodeIgniter->handleRequest(null, Object(Config\Cache), false)
 9 SYSTEMPATH\Boot.php(325): CodeIgniter\CodeIgniter->run()
10 SYSTEMPATH\Boot.php(67): CodeIgniter\Boot::runCodeIgniter(Object(CodeIgniter\CodeIgniter))
11 FCPATH\index.php(56): CodeIgniter\Boot::bootWeb(Object(Config\Paths))
CRITICAL - 2024-08-26 20:01:22 --> ErrorException: Undefined variable $habitacion
[Method: GET, Route: habitacion]
in APPPATH\Views\habitacion\listar.php on line 37.
 1 APPPATH\Views\habitacion\listar.php(37): CodeIgniter\Debug\Exceptions->errorHandler(2, 'Undefined variable $habitacion', 'C:\\xampp\\htdocs\\sistema-hotel\\app\\Views\\habitacion\\listar.php', 37)
 2 SYSTEMPATH\View\View.php(234): include('C:\\xampp\\htdocs\\sistema-hotel\\app\\Views\\habitacion\\listar.php')
 3 SYSTEMPATH\View\View.php(237): CodeIgniter\View\View->CodeIgniter\View\{closure}()
 4 SYSTEMPATH\Common.php(1169): CodeIgniter\View\View->render('habitacion/listar', [], true)
 5 APPPATH\Controllers\Habitacion.php(25): view('habitacion/listar', [...])
 6 SYSTEMPATH\CodeIgniter.php(933): App\Controllers\Habitacion->index()
 7 SYSTEMPATH\CodeIgniter.php(509): CodeIgniter\CodeIgniter->runController(Object(App\Controllers\Habitacion))
 8 SYSTEMPATH\CodeIgniter.php(355): CodeIgniter\CodeIgniter->handleRequest(null, Object(Config\Cache), false)
 9 SYSTEMPATH\Boot.php(325): CodeIgniter\CodeIgniter->run()
10 SYSTEMPATH\Boot.php(67): CodeIgniter\Boot::runCodeIgniter(Object(CodeIgniter\CodeIgniter))
11 FCPATH\index.php(56): CodeIgniter\Boot::bootWeb(Object(Config\Paths))
ERROR - 2024-08-26 20:09:52 --> mysqli_sql_exception: Cannot add or update a child row: a foreign key constraint fails (`bdhotel`.`habitacion`, CONSTRAINT `fk_habitacion_estancia1` FOREIGN KEY (`id_estancia`) REFERENCES `estancia` (`id`)) in C:\xampp\htdocs\sistema-hotel\system\Database\MySQLi\Connection.php:312
Stack trace:
#0 C:\xampp\htdocs\sistema-hotel\system\Database\MySQLi\Connection.php(312): mysqli->query('INSERT INTO `ha...', 0)
#1 C:\xampp\htdocs\sistema-hotel\system\Database\BaseConnection.php(734): CodeIgniter\Database\MySQLi\Connection->execute('INSERT INTO `ha...')
#2 C:\xampp\htdocs\sistema-hotel\system\Database\BaseConnection.php(648): CodeIgniter\Database\BaseConnection->simpleQuery('INSERT INTO `ha...')
#3 C:\xampp\htdocs\sistema-hotel\system\Database\BaseBuilder.php(2340): CodeIgniter\Database\BaseConnection->query('INSERT INTO `ha...', Array, false)
#4 C:\xampp\htdocs\sistema-hotel\system\Model.php(394): CodeIgniter\Database\BaseBuilder->insert()
#5 C:\xampp\htdocs\sistema-hotel\system\BaseModel.php(840): CodeIgniter\Model->doInsert(Array)
#6 C:\xampp\htdocs\sistema-hotel\system\Model.php(802): CodeIgniter\BaseModel->insert(Array, false)
#7 C:\xampp\htdocs\sistema-hotel\system\BaseModel.php(751): CodeIgniter\Model->insert(Array, false)
#8 C:\xampp\htdocs\sistema-hotel\app\Controllers\Habitacion.php(49): CodeIgniter\BaseModel->save(Array)
#9 C:\xampp\htdocs\sistema-hotel\system\CodeIgniter.php(933): App\Controllers\Habitacion->agregarbd()
#10 C:\xampp\htdocs\sistema-hotel\system\CodeIgniter.php(509): CodeIgniter\CodeIgniter->runController(Object(App\Controllers\Habitacion))
#11 C:\xampp\htdocs\sistema-hotel\system\CodeIgniter.php(355): CodeIgniter\CodeIgniter->handleRequest(NULL, Object(Config\Cache), false)
#12 C:\xampp\htdocs\sistema-hotel\system\Boot.php(325): CodeIgniter\CodeIgniter->run()
#13 C:\xampp\htdocs\sistema-hotel\system\Boot.php(67): CodeIgniter\Boot::runCodeIgniter(Object(CodeIgniter\CodeIgniter))
#14 C:\xampp\htdocs\sistema-hotel\public\index.php(56): CodeIgniter\Boot::bootWeb(Object(Config\Paths))
#15 {main}
CRITICAL - 2024-08-26 20:09:52 --> CodeIgniter\Database\Exceptions\DatabaseException: Cannot add or update a child row: a foreign key constraint fails (`bdhotel`.`habitacion`, CONSTRAINT `fk_habitacion_estancia1` FOREIGN KEY (`id_estancia`) REFERENCES `estancia` (`id`))
[Method: POST, Route: habitacion/agregarbd]
in SYSTEMPATH\Database\BaseConnection.php on line 688.
 1 SYSTEMPATH\Database\BaseBuilder.php(2340): CodeIgniter\Database\BaseConnection->query('INSERT INTO `habitacion` (`numero`, `precio`, `piso`, `categoria`, `estado`, `id_usuario`, `fecha_registro`, `fecha_actualizacion`) VALUES (:numero:, :precio:, :piso:, :categoria:, :estado:, :id_usuario:, :fecha_registro:, :fecha_actualizacion:)', [...], false)
 2 SYSTEMPATH\Model.php(394): CodeIgniter\Database\BaseBuilder->insert()
 3 SYSTEMPATH\BaseModel.php(840): CodeIgniter\Model->doInsert([...])
 4 SYSTEMPATH\Model.php(802): CodeIgniter\BaseModel->insert([...], false)
 5 SYSTEMPATH\BaseModel.php(751): CodeIgniter\Model->insert([...], false)
 6 APPPATH\Controllers\Habitacion.php(49): CodeIgniter\BaseModel->save([...])
 7 SYSTEMPATH\CodeIgniter.php(933): App\Controllers\Habitacion->agregarbd()
 8 SYSTEMPATH\CodeIgniter.php(509): CodeIgniter\CodeIgniter->runController(Object(App\Controllers\Habitacion))
 9 SYSTEMPATH\CodeIgniter.php(355): CodeIgniter\CodeIgniter->handleRequest(null, Object(Config\Cache), false)
10 SYSTEMPATH\Boot.php(325): CodeIgniter\CodeIgniter->run()
11 SYSTEMPATH\Boot.php(67): CodeIgniter\Boot::runCodeIgniter(Object(CodeIgniter\CodeIgniter))
12 FCPATH\index.php(56): CodeIgniter\Boot::bootWeb(Object(Config\Paths))
CRITICAL - 2024-08-26 20:09:52 --> [Caused by] CodeIgniter\Database\Exceptions\DatabaseException: Cannot add or update a child row: a foreign key constraint fails (`bdhotel`.`habitacion`, CONSTRAINT `fk_habitacion_estancia1` FOREIGN KEY (`id_estancia`) REFERENCES `estancia` (`id`))
in SYSTEMPATH\Database\MySQLi\Connection.php on line 317.
 1 SYSTEMPATH\Database\BaseConnection.php(734): CodeIgniter\Database\MySQLi\Connection->execute('INSERT INTO `habitacion` (`numero`, `precio`, `piso`, `categoria`, `estado`, `id_usuario`, `fecha_registro`, `fecha_actualizacion`) VALUES (\'12\', \'180\', \'3\', \'DOBLE\', 1, NULL, \'2024-08-26 20:09:52\', \'2024-08-26 20:09:52\')')
 2 SYSTEMPATH\Database\BaseConnection.php(648): CodeIgniter\Database\BaseConnection->simpleQuery('INSERT INTO `habitacion` (`numero`, `precio`, `piso`, `categoria`, `estado`, `id_usuario`, `fecha_registro`, `fecha_actualizacion`) VALUES (\'12\', \'180\', \'3\', \'DOBLE\', 1, NULL, \'2024-08-26 20:09:52\', \'2024-08-26 20:09:52\')')
 3 SYSTEMPATH\Database\BaseBuilder.php(2340): CodeIgniter\Database\BaseConnection->query('INSERT INTO `habitacion` (`numero`, `precio`, `piso`, `categoria`, `estado`, `id_usuario`, `fecha_registro`, `fecha_actualizacion`) VALUES (:numero:, :precio:, :piso:, :categoria:, :estado:, :id_usuario:, :fecha_registro:, :fecha_actualizacion:)', [...], false)
 4 SYSTEMPATH\Model.php(394): CodeIgniter\Database\BaseBuilder->insert()
 5 SYSTEMPATH\BaseModel.php(840): CodeIgniter\Model->doInsert([...])
 6 SYSTEMPATH\Model.php(802): CodeIgniter\BaseModel->insert([...], false)
 7 SYSTEMPATH\BaseModel.php(751): CodeIgniter\Model->insert([...], false)
 8 APPPATH\Controllers\Habitacion.php(49): CodeIgniter\BaseModel->save([...])
 9 SYSTEMPATH\CodeIgniter.php(933): App\Controllers\Habitacion->agregarbd()
10 SYSTEMPATH\CodeIgniter.php(509): CodeIgniter\CodeIgniter->runController(Object(App\Controllers\Habitacion))
11 SYSTEMPATH\CodeIgniter.php(355): CodeIgniter\CodeIgniter->handleRequest(null, Object(Config\Cache), false)
12 SYSTEMPATH\Boot.php(325): CodeIgniter\CodeIgniter->run()
13 SYSTEMPATH\Boot.php(67): CodeIgniter\Boot::runCodeIgniter(Object(CodeIgniter\CodeIgniter))
14 FCPATH\index.php(56): CodeIgniter\Boot::bootWeb(Object(Config\Paths))
CRITICAL - 2024-08-26 20:09:52 --> [Caused by] mysqli_sql_exception: Cannot add or update a child row: a foreign key constraint fails (`bdhotel`.`habitacion`, CONSTRAINT `fk_habitacion_estancia1` FOREIGN KEY (`id_estancia`) REFERENCES `estancia` (`id`))
in SYSTEMPATH\Database\MySQLi\Connection.php on line 312.
 1 SYSTEMPATH\Database\MySQLi\Connection.php(312): mysqli->query('INSERT INTO `habitacion` (`numero`, `precio`, `piso`, `categoria`, `estado`, `id_usuario`, `fecha_registro`, `fecha_actualizacion`) VALUES (\'12\', \'180\', \'3\', \'DOBLE\', 1, NULL, \'2024-08-26 20:09:52\', \'2024-08-26 20:09:52\')', 0)
 2 SYSTEMPATH\Database\BaseConnection.php(734): CodeIgniter\Database\MySQLi\Connection->execute('INSERT INTO `habitacion` (`numero`, `precio`, `piso`, `categoria`, `estado`, `id_usuario`, `fecha_registro`, `fecha_actualizacion`) VALUES (\'12\', \'180\', \'3\', \'DOBLE\', 1, NULL, \'2024-08-26 20:09:52\', \'2024-08-26 20:09:52\')')
 3 SYSTEMPATH\Database\BaseConnection.php(648): CodeIgniter\Database\BaseConnection->simpleQuery('INSERT INTO `habitacion` (`numero`, `precio`, `piso`, `categoria`, `estado`, `id_usuario`, `fecha_registro`, `fecha_actualizacion`) VALUES (\'12\', \'180\', \'3\', \'DOBLE\', 1, NULL, \'2024-08-26 20:09:52\', \'2024-08-26 20:09:52\')')
 4 SYSTEMPATH\Database\BaseBuilder.php(2340): CodeIgniter\Database\BaseConnection->query('INSERT INTO `habitacion` (`numero`, `precio`, `piso`, `categoria`, `estado`, `id_usuario`, `fecha_registro`, `fecha_actualizacion`) VALUES (:numero:, :precio:, :piso:, :categoria:, :estado:, :id_usuario:, :fecha_registro:, :fecha_actualizacion:)', [...], false)
 5 SYSTEMPATH\Model.php(394): CodeIgniter\Database\BaseBuilder->insert()
 6 SYSTEMPATH\BaseModel.php(840): CodeIgniter\Model->doInsert([...])
 7 SYSTEMPATH\Model.php(802): CodeIgniter\BaseModel->insert([...], false)
 8 SYSTEMPATH\BaseModel.php(751): CodeIgniter\Model->insert([...], false)
 9 APPPATH\Controllers\Habitacion.php(49): CodeIgniter\BaseModel->save([...])
10 SYSTEMPATH\CodeIgniter.php(933): App\Controllers\Habitacion->agregarbd()
11 SYSTEMPATH\CodeIgniter.php(509): CodeIgniter\CodeIgniter->runController(Object(App\Controllers\Habitacion))
12 SYSTEMPATH\CodeIgniter.php(355): CodeIgniter\CodeIgniter->handleRequest(null, Object(Config\Cache), false)
13 SYSTEMPATH\Boot.php(325): CodeIgniter\CodeIgniter->run()
14 SYSTEMPATH\Boot.php(67): CodeIgniter\Boot::runCodeIgniter(Object(CodeIgniter\CodeIgniter))
15 FCPATH\index.php(56): CodeIgniter\Boot::bootWeb(Object(Config\Paths))
